21571:C 15 Jan 12:28:59.608 # oO0OoO0OoO0Oo Redis is starting oO0OoO0OoO0Oo
21571:C 15 Jan 12:28:59.608 # Redis version=4.0.9, bits=64, commit=00000000, modified=0, pid=21571, just started
21571:C 15 Jan 12:28:59.608 # Configuration loaded
21571:M 15 Jan 12:28:59.609 # You requested maxclients of 10000 requiring at least 10032 max file descriptors.
21571:M 15 Jan 12:28:59.609 # Server can't set maximum open files to 10032 because of OS error: Operation not permitted.
21571:M 15 Jan 12:28:59.609 # Current maximum open files is 4096. maxclients has been reduced to 4064 to compensate for low ulimit. If you need higher maxclients increase 'ulimit -n'.
21571:M 15 Jan 12:28:59.609 * Running mode=standalone, port=11000.
21571:M 15 Jan 12:28:59.609 # WARNING: The TCP backlog setting of 511 cannot be enforced because /proc/sys/net/core/somaxconn is set to the lower value of 128.
21571:M 15 Jan 12:28:59.609 # Server initialized
21571:M 15 Jan 12:28:59.609 # WARNING overcommit_memory is set to 0! Background save may fail under low memory condition. To fix this issue add 'vm.overcommit_memory = 1' to /etc/sysctl.conf and then reboot or run the command 'sysctl vm.overcommit_memory=1' for this to take effect.
21571:M 15 Jan 12:28:59.609 # WARNING you have Transparent Huge Pages (THP) support enabled in your kernel. This will create latency and memory usage issues with Redis. To fix this issue run the command 'echo never > /sys/kernel/mm/transparent_hugepage/enabled' as root, and add it to your /etc/rc.local in order to retain the setting after a reboot. Redis must be restarted after THP is disabled.
21571:M 15 Jan 12:28:59.609 * Ready to accept connections
21571:signal-handler (1610714374) Received SIGTERM scheduling shutdown...
21571:M 15 Jan 12:39:34.464 # User requested shutdown...
21571:M 15 Jan 12:39:34.464 * Removing the pid file.
21571:M 15 Jan 12:39:34.464 # Redis is now ready to exit, bye bye...
1210:C 01 Mar 12:21:16.013 # oO0OoO0OoO0Oo Redis is starting oO0OoO0OoO0Oo
1210:C 01 Mar 12:21:16.013 # Redis version=4.0.9, bits=64, commit=00000000, modified=0, pid=1210, just started
1210:C 01 Mar 12:21:16.013 # Configuration loaded
1210:M 01 Mar 12:21:16.026 # You requested maxclients of 10000 requiring at least 10032 max file descriptors.
1210:M 01 Mar 12:21:16.026 # Server can't set maximum open files to 10032 because of OS error: Operation not permitted.
1210:M 01 Mar 12:21:16.026 # Current maximum open files is 4096. maxclients has been reduced to 4064 to compensate for low ulimit. If you need higher maxclients increase 'ulimit -n'.
1210:M 01 Mar 12:21:16.520 * Running mode=standalone, port=11000.
1210:M 01 Mar 12:21:16.520 # WARNING: The TCP backlog setting of 511 cannot be enforced because /proc/sys/net/core/somaxconn is set to the lower value of 128.
1210:M 01 Mar 12:21:16.520 # Server initialized
1210:M 01 Mar 12:21:16.520 # WARNING overcommit_memory is set to 0! Background save may fail under low memory condition. To fix this issue add 'vm.overcommit_memory = 1' to /etc/sysctl.conf and then reboot or run the command 'sysctl vm.overcommit_memory=1' for this to take effect.
1210:M 01 Mar 12:21:16.520 # WARNING you have Transparent Huge Pages (THP) support enabled in your kernel. This will create latency and memory usage issues with Redis. To fix this issue run the command 'echo never > /sys/kernel/mm/transparent_hugepage/enabled' as root, and add it to your /etc/rc.local in order to retain the setting after a reboot. Redis must be restarted after THP is disabled.
1210:M 01 Mar 12:21:16.520 * Ready to accept connections
1210:signal-handler (1614581495) Received SIGTERM scheduling shutdown...
1210:M 01 Mar 06:51:35.199 # User requested shutdown...
1210:M 01 Mar 06:51:35.199 * Removing the pid file.
1210:M 01 Mar 06:51:35.199 # Redis is now ready to exit, bye bye...
1967:C 01 Mar 06:51:37.381 # oO0OoO0OoO0Oo Redis is starting oO0OoO0OoO0Oo
1967:C 01 Mar 06:51:37.381 # Redis version=4.0.9, bits=64, commit=00000000, modified=0, pid=1967, just started
1967:C 01 Mar 06:51:37.381 # Configuration loaded
1967:M 01 Mar 06:51:37.416 # You requested maxclients of 10000 requiring at least 10032 max file descriptors.
1967:M 01 Mar 06:51:37.416 # Server can't set maximum open files to 10032 because of OS error: Operation not permitted.
1967:M 01 Mar 06:51:37.416 # Current maximum open files is 4096. maxclients has been reduced to 4064 to compensate for low ulimit. If you need higher maxclients increase 'ulimit -n'.
1967:M 01 Mar 06:51:37.418 * Running mode=standalone, port=11000.
1967:M 01 Mar 06:51:37.418 # WARNING: The TCP backlog setting of 511 cannot be enforced because /proc/sys/net/core/somaxconn is set to the lower value of 128.
1967:M 01 Mar 06:51:37.418 # Server initialized
1967:M 01 Mar 06:51:37.418 # WARNING overcommit_memory is set to 0! Background save may fail under low memory condition. To fix this issue add 'vm.overcommit_memory = 1' to /etc/sysctl.conf and then reboot or run the command 'sysctl vm.overcommit_memory=1' for this to take effect.
1967:M 01 Mar 06:51:37.418 # WARNING you have Transparent Huge Pages (THP) support enabled in your kernel. This will create latency and memory usage issues with Redis. To fix this issue run the command 'echo never > /sys/kernel/mm/transparent_hugepage/enabled' as root, and add it to your /etc/rc.local in order to retain the setting after a reboot. Redis must be restarted after THP is disabled.
1967:M 01 Mar 06:51:37.418 * Ready to accept connections
1067:C 04 Mar 10:18:03.560 # oO0OoO0OoO0Oo Redis is starting oO0OoO0OoO0Oo
1067:C 04 Mar 10:18:03.560 # Redis version=4.0.9, bits=64, commit=00000000, modified=0, pid=1067, just started
1067:C 04 Mar 10:18:03.560 # Configuration loaded
1067:M 04 Mar 10:18:03.568 # You requested maxclients of 10000 requiring at least 10032 max file descriptors.
1067:M 04 Mar 10:18:03.568 # Server can't set maximum open files to 10032 because of OS error: Operation not permitted.
1067:M 04 Mar 10:18:03.568 # Current maximum open files is 4096. maxclients has been reduced to 4064 to compensate for low ulimit. If you need higher maxclients increase 'ulimit -n'.
1067:M 04 Mar 10:18:03.582 * Running mode=standalone, port=11000.
1067:M 04 Mar 10:18:03.582 # WARNING: The TCP backlog setting of 511 cannot be enforced because /proc/sys/net/core/somaxconn is set to the lower value of 128.
1067:M 04 Mar 10:18:03.582 # Server initialized
1067:M 04 Mar 10:18:03.582 # WARNING overcommit_memory is set to 0! Background save may fail under low memory condition. To fix this issue add 'vm.overcommit_memory = 1' to /etc/sysctl.conf and then reboot or run the command 'sysctl vm.overcommit_memory=1' for this to take effect.
1067:M 04 Mar 10:18:03.583 # WARNING you have Transparent Huge Pages (THP) support enabled in your kernel. This will create latency and memory usage issues with Redis. To fix this issue run the command 'echo never > /sys/kernel/mm/transparent_hugepage/enabled' as root, and add it to your /etc/rc.local in order to retain the setting after a reboot. Redis must be restarted after THP is disabled.
1067:M 04 Mar 10:18:03.583 * Ready to accept connections
1067:signal-handler (1614833303) Received SIGTERM scheduling shutdown...
1067:M 04 Mar 04:48:23.995 # User requested shutdown...
1067:M 04 Mar 04:48:23.995 * Removing the pid file.
1067:M 04 Mar 04:48:23.995 # Redis is now ready to exit, bye bye...
1943:C 04 Mar 04:48:26.066 # oO0OoO0OoO0Oo Redis is starting oO0OoO0OoO0Oo
1943:C 04 Mar 04:48:26.095 # Redis version=4.0.9, bits=64, commit=00000000, modified=0, pid=1943, just started
1943:C 04 Mar 04:48:26.103 # Configuration loaded
1943:M 04 Mar 04:48:26.137 # You requested maxclients of 10000 requiring at least 10032 max file descriptors.
1943:M 04 Mar 04:48:26.153 # Server can't set maximum open files to 10032 because of OS error: Operation not permitted.
1943:M 04 Mar 04:48:26.153 # Current maximum open files is 4096. maxclients has been reduced to 4064 to compensate for low ulimit. If you need higher maxclients increase 'ulimit -n'.
1943:M 04 Mar 04:48:26.173 * Running mode=standalone, port=11000.
1943:M 04 Mar 04:48:26.174 # WARNING: The TCP backlog setting of 511 cannot be enforced because /proc/sys/net/core/somaxconn is set to the lower value of 128.
1943:M 04 Mar 04:48:26.174 # Server initialized
1943:M 04 Mar 04:48:26.175 # WARNING overcommit_memory is set to 0! Background save may fail under low memory condition. To fix this issue add 'vm.overcommit_memory = 1' to /etc/sysctl.conf and then reboot or run the command 'sysctl vm.overcommit_memory=1' for this to take effect.
1943:M 04 Mar 04:48:26.175 # WARNING you have Transparent Huge Pages (THP) support enabled in your kernel. This will create latency and memory usage issues with Redis. To fix this issue run the command 'echo never > /sys/kernel/mm/transparent_hugepage/enabled' as root, and add it to your /etc/rc.local in order to retain the setting after a reboot. Redis must be restarted after THP is disabled.
1943:M 04 Mar 04:48:26.176 * Ready to accept connections
1105:C 06 Mar 12:13:35.359 # oO0OoO0OoO0Oo Redis is starting oO0OoO0OoO0Oo
1105:C 06 Mar 12:13:35.360 # Redis version=4.0.9, bits=64, commit=00000000, modified=0, pid=1105, just started
1105:C 06 Mar 12:13:35.360 # Configuration loaded
1105:M 06 Mar 12:13:35.365 # You requested maxclients of 10000 requiring at least 10032 max file descriptors.
1105:M 06 Mar 12:13:35.365 # Server can't set maximum open files to 10032 because of OS error: Operation not permitted.
1105:M 06 Mar 12:13:35.365 # Current maximum open files is 4096. maxclients has been reduced to 4064 to compensate for low ulimit. If you need higher maxclients increase 'ulimit -n'.
1105:M 06 Mar 12:13:35.387 * Running mode=standalone, port=11000.
1105:M 06 Mar 12:13:35.388 # WARNING: The TCP backlog setting of 511 cannot be enforced because /proc/sys/net/core/somaxconn is set to the lower value of 128.
1105:M 06 Mar 12:13:35.388 # Server initialized
1105:M 06 Mar 12:13:35.388 # WARNING overcommit_memory is set to 0! Background save may fail under low memory condition. To fix this issue add 'vm.overcommit_memory = 1' to /etc/sysctl.conf and then reboot or run the command 'sysctl vm.overcommit_memory=1' for this to take effect.
1105:M 06 Mar 12:13:35.388 # WARNING you have Transparent Huge Pages (THP) support enabled in your kernel. This will create latency and memory usage issues with Redis. To fix this issue run the command 'echo never > /sys/kernel/mm/transparent_hugepage/enabled' as root, and add it to your /etc/rc.local in order to retain the setting after a reboot. Redis must be restarted after THP is disabled.
1105:M 06 Mar 12:13:35.388 * Ready to accept connections
1105:signal-handler (1615013035) Received SIGTERM scheduling shutdown...
1105:M 06 Mar 06:43:55.566 # User requested shutdown...
1105:M 06 Mar 06:43:55.566 * Removing the pid file.
1105:M 06 Mar 06:43:55.567 # Redis is now ready to exit, bye bye...
1282:C 06 Mar 06:43:58.356 # oO0OoO0OoO0Oo Redis is starting oO0OoO0OoO0Oo
1282:C 06 Mar 06:43:58.356 # Redis version=4.0.9, bits=64, commit=00000000, modified=0, pid=1282, just started
1282:C 06 Mar 06:43:58.356 # Configuration loaded
1282:M 06 Mar 06:43:58.418 # You requested maxclients of 10000 requiring at least 10032 max file descriptors.
1282:M 06 Mar 06:43:58.418 # Server can't set maximum open files to 10032 because of OS error: Operation not permitted.
1282:M 06 Mar 06:43:58.418 # Current maximum open files is 4096. maxclients has been reduced to 4064 to compensate for low ulimit. If you need higher maxclients increase 'ulimit -n'.
1282:M 06 Mar 06:43:58.420 * Running mode=standalone, port=11000.
1282:M 06 Mar 06:43:58.420 # WARNING: The TCP backlog setting of 511 cannot be enforced because /proc/sys/net/core/somaxconn is set to the lower value of 128.
1282:M 06 Mar 06:43:58.420 # Server initialized
1282:M 06 Mar 06:43:58.420 # WARNING overcommit_memory is set to 0! Background save may fail under low memory condition. To fix this issue add 'vm.overcommit_memory = 1' to /etc/sysctl.conf and then reboot or run the command 'sysctl vm.overcommit_memory=1' for this to take effect.
1282:M 06 Mar 06:43:58.420 # WARNING you have Transparent Huge Pages (THP) support enabled in your kernel. This will create latency and memory usage issues with Redis. To fix this issue run the command 'echo never > /sys/kernel/mm/transparent_hugepage/enabled' as root, and add it to your /etc/rc.local in order to retain the setting after a reboot. Redis must be restarted after THP is disabled.
1282:M 06 Mar 06:43:58.420 * Ready to accept connections
1046:C 08 Mar 15:46:08.754 # oO0OoO0OoO0Oo Redis is starting oO0OoO0OoO0Oo
1046:C 08 Mar 15:46:08.754 # Redis version=4.0.9, bits=64, commit=00000000, modified=0, pid=1046, just started
1046:C 08 Mar 15:46:08.754 # Configuration loaded
1046:M 08 Mar 15:46:08.758 # You requested maxclients of 10000 requiring at least 10032 max file descriptors.
1046:M 08 Mar 15:46:08.758 # Server can't set maximum open files to 10032 because of OS error: Operation not permitted.
1046:M 08 Mar 15:46:08.758 # Current maximum open files is 4096. maxclients has been reduced to 4064 to compensate for low ulimit. If you need higher maxclients increase 'ulimit -n'.
1046:M 08 Mar 15:46:08.763 * Running mode=standalone, port=11000.
1046:M 08 Mar 15:46:08.763 # WARNING: The TCP backlog setting of 511 cannot be enforced because /proc/sys/net/core/somaxconn is set to the lower value of 128.
1046:M 08 Mar 15:46:08.763 # Server initialized
1046:M 08 Mar 15:46:08.763 # WARNING overcommit_memory is set to 0! Background save may fail under low memory condition. To fix this issue add 'vm.overcommit_memory = 1' to /etc/sysctl.conf and then reboot or run the command 'sysctl vm.overcommit_memory=1' for this to take effect.
1046:M 08 Mar 15:46:08.763 # WARNING you have Transparent Huge Pages (THP) support enabled in your kernel. This will create latency and memory usage issues with Redis. To fix this issue run the command 'echo never > /sys/kernel/mm/transparent_hugepage/enabled' as root, and add it to your /etc/rc.local in order to retain the setting after a reboot. Redis must be restarted after THP is disabled.
1046:M 08 Mar 15:46:08.763 * Ready to accept connections
1046:signal-handler (1615198588) Received SIGTERM scheduling shutdown...
1046:M 08 Mar 10:16:28.747 # User requested shutdown...
1046:M 08 Mar 10:16:28.747 * Removing the pid file.
1046:M 08 Mar 10:16:28.748 # Redis is now ready to exit, bye bye...
1782:C 08 Mar 10:16:32.009 # oO0OoO0OoO0Oo Redis is starting oO0OoO0OoO0Oo
1782:C 08 Mar 10:16:32.016 # Redis version=4.0.9, bits=64, commit=00000000, modified=0, pid=1782, just started
1782:C 08 Mar 10:16:32.016 # Configuration loaded
1782:M 08 Mar 10:16:32.047 # You requested maxclients of 10000 requiring at least 10032 max file descriptors.
1782:M 08 Mar 10:16:32.047 # Server can't set maximum open files to 10032 because of OS error: Operation not permitted.
1782:M 08 Mar 10:16:32.048 # Current maximum open files is 4096. maxclients has been reduced to 4064 to compensate for low ulimit. If you need higher maxclients increase 'ulimit -n'.
1782:M 08 Mar 10:16:32.049 * Running mode=standalone, port=11000.
1782:M 08 Mar 10:16:32.050 # WARNING: The TCP backlog setting of 511 cannot be enforced because /proc/sys/net/core/somaxconn is set to the lower value of 128.
1782:M 08 Mar 10:16:32.050 # Server initialized
1782:M 08 Mar 10:16:32.051 # WARNING overcommit_memory is set to 0! Background save may fail under low memory condition. To fix this issue add 'vm.overcommit_memory = 1' to /etc/sysctl.conf and then reboot or run the command 'sysctl vm.overcommit_memory=1' for this to take effect.
1782:M 08 Mar 10:16:32.056 # WARNING you have Transparent Huge Pages (THP) support enabled in your kernel. This will create latency and memory usage issues with Redis. To fix this issue run the command 'echo never > /sys/kernel/mm/transparent_hugepage/enabled' as root, and add it to your /etc/rc.local in order to retain the setting after a reboot. Redis must be restarted after THP is disabled.
1782:M 08 Mar 10:16:32.056 * Ready to accept connections
1073:C 08 Mar 18:10:13.758 # oO0OoO0OoO0Oo Redis is starting oO0OoO0OoO0Oo
1073:C 08 Mar 18:10:13.758 # Redis version=4.0.9, bits=64, commit=00000000, modified=0, pid=1073, just started
1073:C 08 Mar 18:10:13.758 # Configuration loaded
1073:M 08 Mar 18:10:13.762 # You requested maxclients of 10000 requiring at least 10032 max file descriptors.
1073:M 08 Mar 18:10:13.762 # Server can't set maximum open files to 10032 because of OS error: Operation not permitted.
1073:M 08 Mar 18:10:13.762 # Current maximum open files is 4096. maxclients has been reduced to 4064 to compensate for low ulimit. If you need higher maxclients increase 'ulimit -n'.
1073:M 08 Mar 18:10:13.773 * Running mode=standalone, port=11000.
1073:M 08 Mar 18:10:13.773 # WARNING: The TCP backlog setting of 511 cannot be enforced because /proc/sys/net/core/somaxconn is set to the lower value of 128.
1073:M 08 Mar 18:10:13.773 # Server initialized
1073:M 08 Mar 18:10:13.774 # WARNING overcommit_memory is set to 0! Background save may fail under low memory condition. To fix this issue add 'vm.overcommit_memory = 1' to /etc/sysctl.conf and then reboot or run the command 'sysctl vm.overcommit_memory=1' for this to take effect.
1073:M 08 Mar 18:10:13.774 # WARNING you have Transparent Huge Pages (THP) support enabled in your kernel. This will create latency and memory usage issues with Redis. To fix this issue run the command 'echo never > /sys/kernel/mm/transparent_hugepage/enabled' as root, and add it to your /etc/rc.local in order to retain the setting after a reboot. Redis must be restarted after THP is disabled.
1073:M 08 Mar 18:10:13.774 * Ready to accept connections
1073:signal-handler (1615207233) Received SIGTERM scheduling shutdown...
1073:M 08 Mar 12:40:33.559 # User requested shutdown...
1073:M 08 Mar 12:40:33.560 * Removing the pid file.
1073:M 08 Mar 12:40:33.560 # Redis is now ready to exit, bye bye...
1784:C 08 Mar 12:40:36.129 # oO0OoO0OoO0Oo Redis is starting oO0OoO0OoO0Oo
1784:C 08 Mar 12:40:36.130 # Redis version=4.0.9, bits=64, commit=00000000, modified=0, pid=1784, just started
1784:C 08 Mar 12:40:36.130 # Configuration loaded
1784:M 08 Mar 12:40:36.214 # You requested maxclients of 10000 requiring at least 10032 max file descriptors.
1784:M 08 Mar 12:40:36.214 # Server can't set maximum open files to 10032 because of OS error: Operation not permitted.
1784:M 08 Mar 12:40:36.214 # Current maximum open files is 4096. maxclients has been reduced to 4064 to compensate for low ulimit. If you need higher maxclients increase 'ulimit -n'.
1784:M 08 Mar 12:40:36.215 * Running mode=standalone, port=11000.
1784:M 08 Mar 12:40:36.269 # WARNING: The TCP backlog setting of 511 cannot be enforced because /proc/sys/net/core/somaxconn is set to the lower value of 128.
1784:M 08 Mar 12:40:36.269 # Server initialized
1784:M 08 Mar 12:40:36.270 # WARNING overcommit_memory is set to 0! Background save may fail under low memory condition. To fix this issue add 'vm.overcommit_memory = 1' to /etc/sysctl.conf and then reboot or run the command 'sysctl vm.overcommit_memory=1' for this to take effect.
1784:M 08 Mar 12:40:36.270 # WARNING you have Transparent Huge Pages (THP) support enabled in your kernel. This will create latency and memory usage issues with Redis. To fix this issue run the command 'echo never > /sys/kernel/mm/transparent_hugepage/enabled' as root, and add it to your /etc/rc.local in order to retain the setting after a reboot. Redis must be restarted after THP is disabled.
1784:M 08 Mar 12:40:36.270 * Ready to accept connections
1042:C 09 Mar 10:32:01.953 # oO0OoO0OoO0Oo Redis is starting oO0OoO0OoO0Oo
1042:C 09 Mar 10:32:01.953 # Redis version=4.0.9, bits=64, commit=00000000, modified=0, pid=1042, just started
1042:C 09 Mar 10:32:01.953 # Configuration loaded
1042:M 09 Mar 10:32:01.969 # You requested maxclients of 10000 requiring at least 10032 max file descriptors.
1042:M 09 Mar 10:32:01.970 # Server can't set maximum open files to 10032 because of OS error: Operation not permitted.
1042:M 09 Mar 10:32:01.970 # Current maximum open files is 4096. maxclients has been reduced to 4064 to compensate for low ulimit. If you need higher maxclients increase 'ulimit -n'.
1042:M 09 Mar 10:32:01.997 * Running mode=standalone, port=11000.
1042:M 09 Mar 10:32:01.997 # WARNING: The TCP backlog setting of 511 cannot be enforced because /proc/sys/net/core/somaxconn is set to the lower value of 128.
1042:M 09 Mar 10:32:01.997 # Server initialized
1042:M 09 Mar 10:32:01.997 # WARNING overcommit_memory is set to 0! Background save may fail under low memory condition. To fix this issue add 'vm.overcommit_memory = 1' to /etc/sysctl.conf and then reboot or run the command 'sysctl vm.overcommit_memory=1' for this to take effect.
1042:M 09 Mar 10:32:01.997 # WARNING you have Transparent Huge Pages (THP) support enabled in your kernel. This will create latency and memory usage issues with Redis. To fix this issue run the command 'echo never > /sys/kernel/mm/transparent_hugepage/enabled' as root, and add it to your /etc/rc.local in order to retain the setting after a reboot. Redis must be restarted after THP is disabled.
1042:M 09 Mar 10:32:01.997 * Ready to accept connections
1042:signal-handler (1615266141) Received SIGTERM scheduling shutdown...
1042:M 09 Mar 05:02:21.149 # User requested shutdown...
1042:M 09 Mar 05:02:21.149 * Removing the pid file.
1042:M 09 Mar 05:02:21.151 # Redis is now ready to exit, bye bye...
1794:C 09 Mar 05:02:24.124 # oO0OoO0OoO0Oo Redis is starting oO0OoO0OoO0Oo
1794:C 09 Mar 05:02:24.159 # Redis version=4.0.9, bits=64, commit=00000000, modified=0, pid=1794, just started
1794:C 09 Mar 05:02:24.204 # Configuration loaded
1794:M 09 Mar 05:02:24.325 # You requested maxclients of 10000 requiring at least 10032 max file descriptors.
1794:M 09 Mar 05:02:24.325 # Server can't set maximum open files to 10032 because of OS error: Operation not permitted.
1794:M 09 Mar 05:02:24.326 # Current maximum open files is 4096. maxclients has been reduced to 4064 to compensate for low ulimit. If you need higher maxclients increase 'ulimit -n'.
1794:M 09 Mar 05:02:24.328 * Running mode=standalone, port=11000.
1794:M 09 Mar 05:02:24.375 # WARNING: The TCP backlog setting of 511 cannot be enforced because /proc/sys/net/core/somaxconn is set to the lower value of 128.
1794:M 09 Mar 05:02:24.376 # Server initialized
1794:M 09 Mar 05:02:24.377 # WARNING overcommit_memory is set to 0! Background save may fail under low memory condition. To fix this issue add 'vm.overcommit_memory = 1' to /etc/sysctl.conf and then reboot or run the command 'sysctl vm.overcommit_memory=1' for this to take effect.
1794:M 09 Mar 05:02:24.377 # WARNING you have Transparent Huge Pages (THP) support enabled in your kernel. This will create latency and memory usage issues with Redis. To fix this issue run the command 'echo never > /sys/kernel/mm/transparent_hugepage/enabled' as root, and add it to your /etc/rc.local in order to retain the setting after a reboot. Redis must be restarted after THP is disabled.
1794:M 09 Mar 05:02:24.378 * Ready to accept connections
1047:C 09 Mar 11:29:25.704 # oO0OoO0OoO0Oo Redis is starting oO0OoO0OoO0Oo
1047:C 09 Mar 11:29:25.715 # Redis version=4.0.9, bits=64, commit=00000000, modified=0, pid=1047, just started
1047:C 09 Mar 11:29:25.715 # Configuration loaded
1047:M 09 Mar 11:29:25.840 # You requested maxclients of 10000 requiring at least 10032 max file descriptors.
1047:M 09 Mar 11:29:25.840 # Server can't set maximum open files to 10032 because of OS error: Operation not permitted.
1047:M 09 Mar 11:29:25.840 # Current maximum open files is 4096. maxclients has been reduced to 4064 to compensate for low ulimit. If you need higher maxclients increase 'ulimit -n'.
1047:M 09 Mar 11:29:26.884 * Running mode=standalone, port=11000.
1047:M 09 Mar 11:29:26.884 # WARNING: The TCP backlog setting of 511 cannot be enforced because /proc/sys/net/core/somaxconn is set to the lower value of 128.
1047:M 09 Mar 11:29:26.919 # Server initialized
1047:M 09 Mar 11:29:26.919 # WARNING overcommit_memory is set to 0! Background save may fail under low memory condition. To fix this issue add 'vm.overcommit_memory = 1' to /etc/sysctl.conf and then reboot or run the command 'sysctl vm.overcommit_memory=1' for this to take effect.
1047:M 09 Mar 11:29:26.919 # WARNING you have Transparent Huge Pages (THP) support enabled in your kernel. This will create latency and memory usage issues with Redis. To fix this issue run the command 'echo never > /sys/kernel/mm/transparent_hugepage/enabled' as root, and add it to your /etc/rc.local in order to retain the setting after a reboot. Redis must be restarted after THP is disabled.
1047:M 09 Mar 11:29:26.919 * Ready to accept connections
1047:signal-handler (1615269585) Received SIGTERM scheduling shutdown...
1047:M 09 Mar 05:59:45.030 # User requested shutdown...
1047:M 09 Mar 05:59:45.030 * Removing the pid file.
1047:M 09 Mar 05:59:45.706 # Redis is now ready to exit, bye bye...
1769:C 09 Mar 05:59:48.027 # oO0OoO0OoO0Oo Redis is starting oO0OoO0OoO0Oo
1769:C 09 Mar 05:59:48.037 # Redis version=4.0.9, bits=64, commit=00000000, modified=0, pid=1769, just started
1769:C 09 Mar 05:59:48.038 # Configuration loaded
1769:M 09 Mar 05:59:48.051 # You requested maxclients of 10000 requiring at least 10032 max file descriptors.
1769:M 09 Mar 05:59:48.055 # Server can't set maximum open files to 10032 because of OS error: Operation not permitted.
1769:M 09 Mar 05:59:48.055 # Current maximum open files is 4096. maxclients has been reduced to 4064 to compensate for low ulimit. If you need higher maxclients increase 'ulimit -n'.
1769:M 09 Mar 05:59:48.058 * Running mode=standalone, port=11000.
1769:M 09 Mar 05:59:48.058 # WARNING: The TCP backlog setting of 511 cannot be enforced because /proc/sys/net/core/somaxconn is set to the lower value of 128.
1769:M 09 Mar 05:59:48.059 # Server initialized
1769:M 09 Mar 05:59:48.060 # WARNING overcommit_memory is set to 0! Background save may fail under low memory condition. To fix this issue add 'vm.overcommit_memory = 1' to /etc/sysctl.conf and then reboot or run the command 'sysctl vm.overcommit_memory=1' for this to take effect.
1769:M 09 Mar 05:59:48.060 # WARNING you have Transparent Huge Pages (THP) support enabled in your kernel. This will create latency and memory usage issues with Redis. To fix this issue run the command 'echo never > /sys/kernel/mm/transparent_hugepage/enabled' as root, and add it to your /etc/rc.local in order to retain the setting after a reboot. Redis must be restarted after THP is disabled.
1769:M 09 Mar 05:59:48.061 * Ready to accept connections
1115:C 11 Mar 16:25:40.967 # oO0OoO0OoO0Oo Redis is starting oO0OoO0OoO0Oo
1115:C 11 Mar 16:25:40.967 # Redis version=4.0.9, bits=64, commit=00000000, modified=0, pid=1115, just started
1115:C 11 Mar 16:25:40.967 # Configuration loaded
1115:M 11 Mar 16:25:40.972 # You requested maxclients of 10000 requiring at least 10032 max file descriptors.
1115:M 11 Mar 16:25:40.972 # Server can't set maximum open files to 10032 because of OS error: Operation not permitted.
1115:M 11 Mar 16:25:40.972 # Current maximum open files is 4096. maxclients has been reduced to 4064 to compensate for low ulimit. If you need higher maxclients increase 'ulimit -n'.
1115:M 11 Mar 16:25:40.996 * Running mode=standalone, port=11000.
1115:M 11 Mar 16:25:40.997 # WARNING: The TCP backlog setting of 511 cannot be enforced because /proc/sys/net/core/somaxconn is set to the lower value of 128.
1115:M 11 Mar 16:25:40.997 # Server initialized
1115:M 11 Mar 16:25:40.997 # WARNING overcommit_memory is set to 0! Background save may fail under low memory condition. To fix this issue add 'vm.overcommit_memory = 1' to /etc/sysctl.conf and then reboot or run the command 'sysctl vm.overcommit_memory=1' for this to take effect.
1115:M 11 Mar 16:25:40.997 # WARNING you have Transparent Huge Pages (THP) support enabled in your kernel. This will create latency and memory usage issues with Redis. To fix this issue run the command 'echo never > /sys/kernel/mm/transparent_hugepage/enabled' as root, and add it to your /etc/rc.local in order to retain the setting after a reboot. Redis must be restarted after THP is disabled.
1115:M 11 Mar 16:25:41.014 * Ready to accept connections
1115:signal-handler (1615460161) Received SIGTERM scheduling shutdown...
1115:M 11 Mar 10:56:01.474 # User requested shutdown...
1115:M 11 Mar 10:56:01.474 * Removing the pid file.
1115:M 11 Mar 10:56:01.475 # Redis is now ready to exit, bye bye...
1712:C 11 Mar 10:56:05.471 # oO0OoO0OoO0Oo Redis is starting oO0OoO0OoO0Oo
1712:C 11 Mar 10:56:05.471 # Redis version=4.0.9, bits=64, commit=00000000, modified=0, pid=1712, just started
1712:C 11 Mar 10:56:05.471 # Configuration loaded
1712:M 11 Mar 10:56:05.503 # You requested maxclients of 10000 requiring at least 10032 max file descriptors.
1712:M 11 Mar 10:56:05.503 # Server can't set maximum open files to 10032 because of OS error: Operation not permitted.
1712:M 11 Mar 10:56:05.504 # Current maximum open files is 4096. maxclients has been reduced to 4064 to compensate for low ulimit. If you need higher maxclients increase 'ulimit -n'.
1712:M 11 Mar 10:56:05.505 * Running mode=standalone, port=11000.
1712:M 11 Mar 10:56:05.505 # WARNING: The TCP backlog setting of 511 cannot be enforced because /proc/sys/net/core/somaxconn is set to the lower value of 128.
1712:M 11 Mar 10:56:05.505 # Server initialized
1712:M 11 Mar 10:56:05.505 # WARNING overcommit_memory is set to 0! Background save may fail under low memory condition. To fix this issue add 'vm.overcommit_memory = 1' to /etc/sysctl.conf and then reboot or run the command 'sysctl vm.overcommit_memory=1' for this to take effect.
1712:M 11 Mar 10:56:05.505 # WARNING you have Transparent Huge Pages (THP) support enabled in your kernel. This will create latency and memory usage issues with Redis. To fix this issue run the command 'echo never > /sys/kernel/mm/transparent_hugepage/enabled' as root, and add it to your /etc/rc.local in order to retain the setting after a reboot. Redis must be restarted after THP is disabled.
1712:M 11 Mar 10:56:05.505 * Ready to accept connections
1106:C 17 Mar 15:59:57.278 # oO0OoO0OoO0Oo Redis is starting oO0OoO0OoO0Oo
1106:C 17 Mar 15:59:57.278 # Redis version=4.0.9, bits=64, commit=00000000, modified=0, pid=1106, just started
1106:C 17 Mar 15:59:57.278 # Configuration loaded
1106:M 17 Mar 15:59:57.282 # You requested maxclients of 10000 requiring at least 10032 max file descriptors.
1106:M 17 Mar 15:59:57.282 # Server can't set maximum open files to 10032 because of OS error: Operation not permitted.
1106:M 17 Mar 15:59:57.282 # Current maximum open files is 4096. maxclients has been reduced to 4064 to compensate for low ulimit. If you need higher maxclients increase 'ulimit -n'.
1106:M 17 Mar 15:59:57.288 * Running mode=standalone, port=11000.
1106:M 17 Mar 15:59:57.288 # WARNING: The TCP backlog setting of 511 cannot be enforced because /proc/sys/net/core/somaxconn is set to the lower value of 128.
1106:M 17 Mar 15:59:57.288 # Server initialized
1106:M 17 Mar 15:59:57.288 # WARNING overcommit_memory is set to 0! Background save may fail under low memory condition. To fix this issue add 'vm.overcommit_memory = 1' to /etc/sysctl.conf and then reboot or run the command 'sysctl vm.overcommit_memory=1' for this to take effect.
1106:M 17 Mar 15:59:57.288 # WARNING you have Transparent Huge Pages (THP) support enabled in your kernel. This will create latency and memory usage issues with Redis. To fix this issue run the command 'echo never > /sys/kernel/mm/transparent_hugepage/enabled' as root, and add it to your /etc/rc.local in order to retain the setting after a reboot. Redis must be restarted after THP is disabled.
1106:M 17 Mar 15:59:57.288 * Ready to accept connections
1106:signal-handler (1615977017) Received SIGTERM scheduling shutdown...
1106:M 17 Mar 10:30:17.528 # User requested shutdown...
1106:M 17 Mar 10:30:17.528 * Removing the pid file.
1106:M 17 Mar 10:30:17.528 # Redis is now ready to exit, bye bye...
1809:C 17 Mar 10:30:21.720 # oO0OoO0OoO0Oo Redis is starting oO0OoO0OoO0Oo
1809:C 17 Mar 10:30:21.730 # Redis version=4.0.9, bits=64, commit=00000000, modified=0, pid=1809, just started
1809:C 17 Mar 10:30:21.733 # Configuration loaded
1809:M 17 Mar 10:30:21.755 # You requested maxclients of 10000 requiring at least 10032 max file descriptors.
1809:M 17 Mar 10:30:21.761 # Server can't set maximum open files to 10032 because of OS error: Operation not permitted.
1809:M 17 Mar 10:30:21.762 # Current maximum open files is 4096. maxclients has been reduced to 4064 to compensate for low ulimit. If you need higher maxclients increase 'ulimit -n'.
1809:M 17 Mar 10:30:21.766 * Running mode=standalone, port=11000.
1809:M 17 Mar 10:30:21.768 # WARNING: The TCP backlog setting of 511 cannot be enforced because /proc/sys/net/core/somaxconn is set to the lower value of 128.
1809:M 17 Mar 10:30:21.768 # Server initialized
1809:M 17 Mar 10:30:21.771 # WARNING overcommit_memory is set to 0! Background save may fail under low memory condition. To fix this issue add 'vm.overcommit_memory = 1' to /etc/sysctl.conf and then reboot or run the command 'sysctl vm.overcommit_memory=1' for this to take effect.
1809:M 17 Mar 10:30:21.771 # WARNING you have Transparent Huge Pages (THP) support enabled in your kernel. This will create latency and memory usage issues with Redis. To fix this issue run the command 'echo never > /sys/kernel/mm/transparent_hugepage/enabled' as root, and add it to your /etc/rc.local in order to retain the setting after a reboot. Redis must be restarted after THP is disabled.
1809:M 17 Mar 10:30:21.772 * Ready to accept connections
1098:C 17 Mar 16:43:14.456 # oO0OoO0OoO0Oo Redis is starting oO0OoO0OoO0Oo
1098:C 17 Mar 16:43:14.456 # Redis version=4.0.9, bits=64, commit=00000000, modified=0, pid=1098, just started
1098:C 17 Mar 16:43:14.457 # Configuration loaded
1098:M 17 Mar 16:43:14.460 # You requested maxclients of 10000 requiring at least 10032 max file descriptors.
1098:M 17 Mar 16:43:14.470 # Server can't set maximum open files to 10032 because of OS error: Operation not permitted.
1098:M 17 Mar 16:43:14.470 # Current maximum open files is 4096. maxclients has been reduced to 4064 to compensate for low ulimit. If you need higher maxclients increase 'ulimit -n'.
1098:M 17 Mar 16:43:14.487 * Running mode=standalone, port=11000.
1098:M 17 Mar 16:43:14.487 # WARNING: The TCP backlog setting of 511 cannot be enforced because /proc/sys/net/core/somaxconn is set to the lower value of 128.
1098:M 17 Mar 16:43:14.487 # Server initialized
1098:M 17 Mar 16:43:14.487 # WARNING overcommit_memory is set to 0! Background save may fail under low memory condition. To fix this issue add 'vm.overcommit_memory = 1' to /etc/sysctl.conf and then reboot or run the command 'sysctl vm.overcommit_memory=1' for this to take effect.
1098:M 17 Mar 16:43:14.487 # WARNING you have Transparent Huge Pages (THP) support enabled in your kernel. This will create latency and memory usage issues with Redis. To fix this issue run the command 'echo never > /sys/kernel/mm/transparent_hugepage/enabled' as root, and add it to your /etc/rc.local in order to retain the setting after a reboot. Redis must be restarted after THP is disabled.
1098:M 17 Mar 16:43:14.487 * Ready to accept connections
1098:signal-handler (1615979613) Received SIGTERM scheduling shutdown...
1098:M 17 Mar 11:13:33.240 # User requested shutdown...
1098:M 17 Mar 11:13:33.240 * Removing the pid file.
1098:M 17 Mar 11:13:33.246 # Redis is now ready to exit, bye bye...
1758:C 17 Mar 11:13:36.579 # oO0OoO0OoO0Oo Redis is starting oO0OoO0OoO0Oo
1758:C 17 Mar 11:13:36.580 # Redis version=4.0.9, bits=64, commit=00000000, modified=0, pid=1758, just started
1758:C 17 Mar 11:13:36.580 # Configuration loaded
1758:M 17 Mar 11:13:36.600 # You requested maxclients of 10000 requiring at least 10032 max file descriptors.
1758:M 17 Mar 11:13:36.600 # Server can't set maximum open files to 10032 because of OS error: Operation not permitted.
1758:M 17 Mar 11:13:36.600 # Current maximum open files is 4096. maxclients has been reduced to 4064 to compensate for low ulimit. If you need higher maxclients increase 'ulimit -n'.
1758:M 17 Mar 11:13:36.619 * Running mode=standalone, port=11000.
1758:M 17 Mar 11:13:36.619 # WARNING: The TCP backlog setting of 511 cannot be enforced because /proc/sys/net/core/somaxconn is set to the lower value of 128.
1758:M 17 Mar 11:13:36.619 # Server initialized
1758:M 17 Mar 11:13:36.619 # WARNING overcommit_memory is set to 0! Background save may fail under low memory condition. To fix this issue add 'vm.overcommit_memory = 1' to /etc/sysctl.conf and then reboot or run the command 'sysctl vm.overcommit_memory=1' for this to take effect.
1758:M 17 Mar 11:13:36.620 # WARNING you have Transparent Huge Pages (THP) support enabled in your kernel. This will create latency and memory usage issues with Redis. To fix this issue run the command 'echo never > /sys/kernel/mm/transparent_hugepage/enabled' as root, and add it to your /etc/rc.local in order to retain the setting after a reboot. Redis must be restarted after THP is disabled.
1758:M 17 Mar 11:13:36.620 * Ready to accept connections
1057:C 17 Mar 16:47:14.658 # oO0OoO0OoO0Oo Redis is starting oO0OoO0OoO0Oo
1057:C 17 Mar 16:47:14.658 # Redis version=4.0.9, bits=64, commit=00000000, modified=0, pid=1057, just started
1057:C 17 Mar 16:47:14.658 # Configuration loaded
1057:M 17 Mar 16:47:14.662 # You requested maxclients of 10000 requiring at least 10032 max file descriptors.
1057:M 17 Mar 16:47:14.662 # Server can't set maximum open files to 10032 because of OS error: Operation not permitted.
1057:M 17 Mar 16:47:14.662 # Current maximum open files is 4096. maxclients has been reduced to 4064 to compensate for low ulimit. If you need higher maxclients increase 'ulimit -n'.
1057:M 17 Mar 16:47:14.731 * Running mode=standalone, port=11000.
1057:M 17 Mar 16:47:14.731 # WARNING: The TCP backlog setting of 511 cannot be enforced because /proc/sys/net/core/somaxconn is set to the lower value of 128.
1057:M 17 Mar 16:47:14.738 # Server initialized
1057:M 17 Mar 16:47:14.747 # WARNING overcommit_memory is set to 0! Background save may fail under low memory condition. To fix this issue add 'vm.overcommit_memory = 1' to /etc/sysctl.conf and then reboot or run the command 'sysctl vm.overcommit_memory=1' for this to take effect.
1057:M 17 Mar 16:47:14.747 # WARNING you have Transparent Huge Pages (THP) support enabled in your kernel. This will create latency and memory usage issues with Redis. To fix this issue run the command 'echo never > /sys/kernel/mm/transparent_hugepage/enabled' as root, and add it to your /etc/rc.local in order to retain the setting after a reboot. Redis must be restarted after THP is disabled.
1057:M 17 Mar 16:47:14.748 * Ready to accept connections
1057:signal-handler (1615979854) Received SIGTERM scheduling shutdown...
1057:M 17 Mar 11:17:34.360 # User requested shutdown...
1057:M 17 Mar 11:17:34.360 * Removing the pid file.
1057:M 17 Mar 11:17:34.361 # Redis is now ready to exit, bye bye...
1778:C 17 Mar 11:17:37.582 # oO0OoO0OoO0Oo Redis is starting oO0OoO0OoO0Oo
1778:C 17 Mar 11:17:37.600 # Redis version=4.0.9, bits=64, commit=00000000, modified=0, pid=1778, just started
1778:C 17 Mar 11:17:37.600 # Configuration loaded
1778:M 17 Mar 11:17:37.610 # You requested maxclients of 10000 requiring at least 10032 max file descriptors.
1778:M 17 Mar 11:17:37.620 # Server can't set maximum open files to 10032 because of OS error: Operation not permitted.
1778:M 17 Mar 11:17:37.621 # Current maximum open files is 4096. maxclients has been reduced to 4064 to compensate for low ulimit. If you need higher maxclients increase 'ulimit -n'.
1778:M 17 Mar 11:17:37.624 * Running mode=standalone, port=11000.
1778:M 17 Mar 11:17:37.625 # WARNING: The TCP backlog setting of 511 cannot be enforced because /proc/sys/net/core/somaxconn is set to the lower value of 128.
1778:M 17 Mar 11:17:37.625 # Server initialized
1778:M 17 Mar 11:17:37.626 # WARNING overcommit_memory is set to 0! Background save may fail under low memory condition. To fix this issue add 'vm.overcommit_memory = 1' to /etc/sysctl.conf and then reboot or run the command 'sysctl vm.overcommit_memory=1' for this to take effect.
1778:M 17 Mar 11:17:37.626 # WARNING you have Transparent Huge Pages (THP) support enabled in your kernel. This will create latency and memory usage issues with Redis. To fix this issue run the command 'echo never > /sys/kernel/mm/transparent_hugepage/enabled' as root, and add it to your /etc/rc.local in order to retain the setting after a reboot. Redis must be restarted after THP is disabled.
1778:M 17 Mar 11:17:37.626 * Ready to accept connections
1043:C 23 Mar 10:10:24.461 # oO0OoO0OoO0Oo Redis is starting oO0OoO0OoO0Oo
1043:C 23 Mar 10:10:24.461 # Redis version=4.0.9, bits=64, commit=00000000, modified=0, pid=1043, just started
1043:C 23 Mar 10:10:24.461 # Configuration loaded
1043:M 23 Mar 10:10:24.465 # You requested maxclients of 10000 requiring at least 10032 max file descriptors.
1043:M 23 Mar 10:10:24.465 # Server can't set maximum open files to 10032 because of OS error: Operation not permitted.
1043:M 23 Mar 10:10:24.465 # Current maximum open files is 4096. maxclients has been reduced to 4064 to compensate for low ulimit. If you need higher maxclients increase 'ulimit -n'.
1043:M 23 Mar 10:10:24.468 * Running mode=standalone, port=11000.
1043:M 23 Mar 10:10:24.468 # WARNING: The TCP backlog setting of 511 cannot be enforced because /proc/sys/net/core/somaxconn is set to the lower value of 128.
1043:M 23 Mar 10:10:24.468 # Server initialized
1043:M 23 Mar 10:10:24.468 # WARNING overcommit_memory is set to 0! Background save may fail under low memory condition. To fix this issue add 'vm.overcommit_memory = 1' to /etc/sysctl.conf and then reboot or run the command 'sysctl vm.overcommit_memory=1' for this to take effect.
1043:M 23 Mar 10:10:24.468 # WARNING you have Transparent Huge Pages (THP) support enabled in your kernel. This will create latency and memory usage issues with Redis. To fix this issue run the command 'echo never > /sys/kernel/mm/transparent_hugepage/enabled' as root, and add it to your /etc/rc.local in order to retain the setting after a reboot. Redis must be restarted after THP is disabled.
1043:M 23 Mar 10:10:24.468 * Ready to accept connections
1043:signal-handler (1616474443) Received SIGTERM scheduling shutdown...
1043:M 23 Mar 04:40:43.666 # User requested shutdown...
1043:M 23 Mar 04:40:43.666 * Removing the pid file.
1043:M 23 Mar 04:40:43.666 # Redis is now ready to exit, bye bye...
1785:C 23 Mar 04:40:45.569 # oO0OoO0OoO0Oo Redis is starting oO0OoO0OoO0Oo
1785:C 23 Mar 04:40:45.572 # Redis version=4.0.9, bits=64, commit=00000000, modified=0, pid=1785, just started
1785:C 23 Mar 04:40:45.573 # Configuration loaded
1785:M 23 Mar 04:40:45.588 # You requested maxclients of 10000 requiring at least 10032 max file descriptors.
1785:M 23 Mar 04:40:45.589 # Server can't set maximum open files to 10032 because of OS error: Operation not permitted.
1785:M 23 Mar 04:40:45.589 # Current maximum open files is 4096. maxclients has been reduced to 4064 to compensate for low ulimit. If you need higher maxclients increase 'ulimit -n'.
1785:M 23 Mar 04:40:45.596 * Running mode=standalone, port=11000.
1785:M 23 Mar 04:40:45.597 # WARNING: The TCP backlog setting of 511 cannot be enforced because /proc/sys/net/core/somaxconn is set to the lower value of 128.
1785:M 23 Mar 04:40:45.597 # Server initialized
1785:M 23 Mar 04:40:45.598 # WARNING overcommit_memory is set to 0! Background save may fail under low memory condition. To fix this issue add 'vm.overcommit_memory = 1' to /etc/sysctl.conf and then reboot or run the command 'sysctl vm.overcommit_memory=1' for this to take effect.
1785:M 23 Mar 04:40:45.598 # WARNING you have Transparent Huge Pages (THP) support enabled in your kernel. This will create latency and memory usage issues with Redis. To fix this issue run the command 'echo never > /sys/kernel/mm/transparent_hugepage/enabled' as root, and add it to your /etc/rc.local in order to retain the setting after a reboot. Redis must be restarted after THP is disabled.
1785:M 23 Mar 04:40:45.598 * Ready to accept connections
1082:C 23 Mar 14:47:38.896 # oO0OoO0OoO0Oo Redis is starting oO0OoO0OoO0Oo
1082:C 23 Mar 14:47:38.896 # Redis version=4.0.9, bits=64, commit=00000000, modified=0, pid=1082, just started
1082:C 23 Mar 14:47:38.896 # Configuration loaded
1082:M 23 Mar 14:47:38.901 # You requested maxclients of 10000 requiring at least 10032 max file descriptors.
1082:M 23 Mar 14:47:38.901 # Server can't set maximum open files to 10032 because of OS error: Operation not permitted.
1082:M 23 Mar 14:47:38.901 # Current maximum open files is 4096. maxclients has been reduced to 4064 to compensate for low ulimit. If you need higher maxclients increase 'ulimit -n'.
1082:M 23 Mar 14:47:38.924 * Running mode=standalone, port=11000.
1082:M 23 Mar 14:47:38.924 # WARNING: The TCP backlog setting of 511 cannot be enforced because /proc/sys/net/core/somaxconn is set to the lower value of 128.
1082:M 23 Mar 14:47:38.924 # Server initialized
1082:M 23 Mar 14:47:38.924 # WARNING overcommit_memory is set to 0! Background save may fail under low memory condition. To fix this issue add 'vm.overcommit_memory = 1' to /etc/sysctl.conf and then reboot or run the command 'sysctl vm.overcommit_memory=1' for this to take effect.
1082:M 23 Mar 14:47:38.925 # WARNING you have Transparent Huge Pages (THP) support enabled in your kernel. This will create latency and memory usage issues with Redis. To fix this issue run the command 'echo never > /sys/kernel/mm/transparent_hugepage/enabled' as root, and add it to your /etc/rc.local in order to retain the setting after a reboot. Redis must be restarted after THP is disabled.
1082:M 23 Mar 14:47:38.925 * Ready to accept connections
1082:signal-handler (1616491078) Received SIGTERM scheduling shutdown...
1082:M 23 Mar 09:17:58.549 # User requested shutdown...
1082:M 23 Mar 09:17:58.549 * Removing the pid file.
1082:M 23 Mar 09:17:58.550 # Redis is now ready to exit, bye bye...
1744:C 23 Mar 09:18:00.976 # oO0OoO0OoO0Oo Redis is starting oO0OoO0OoO0Oo
1744:C 23 Mar 09:18:00.976 # Redis version=4.0.9, bits=64, commit=00000000, modified=0, pid=1744, just started
1744:C 23 Mar 09:18:00.976 # Configuration loaded
1744:M 23 Mar 09:18:01.014 # You requested maxclients of 10000 requiring at least 10032 max file descriptors.
1744:M 23 Mar 09:18:01.014 # Server can't set maximum open files to 10032 because of OS error: Operation not permitted.
1744:M 23 Mar 09:18:01.014 # Current maximum open files is 4096. maxclients has been reduced to 4064 to compensate for low ulimit. If you need higher maxclients increase 'ulimit -n'.
1744:M 23 Mar 09:18:01.015 * Running mode=standalone, port=11000.
1744:M 23 Mar 09:18:01.015 # WARNING: The TCP backlog setting of 511 cannot be enforced because /proc/sys/net/core/somaxconn is set to the lower value of 128.
1744:M 23 Mar 09:18:01.015 # Server initialized
1744:M 23 Mar 09:18:01.015 # WARNING overcommit_memory is set to 0! Background save may fail under low memory condition. To fix this issue add 'vm.overcommit_memory = 1' to /etc/sysctl.conf and then reboot or run the command 'sysctl vm.overcommit_memory=1' for this to take effect.
1744:M 23 Mar 09:18:01.015 # WARNING you have Transparent Huge Pages (THP) support enabled in your kernel. This will create latency and memory usage issues with Redis. To fix this issue run the command 'echo never > /sys/kernel/mm/transparent_hugepage/enabled' as root, and add it to your /etc/rc.local in order to retain the setting after a reboot. Redis must be restarted after THP is disabled.
1744:M 23 Mar 09:18:01.015 * Ready to accept connections
1084:C 25 Mar 10:32:58.843 # oO0OoO0OoO0Oo Redis is starting oO0OoO0OoO0Oo
1084:C 25 Mar 10:32:58.843 # Redis version=4.0.9, bits=64, commit=00000000, modified=0, pid=1084, just started
1084:C 25 Mar 10:32:58.843 # Configuration loaded
1084:M 25 Mar 10:32:58.850 # You requested maxclients of 10000 requiring at least 10032 max file descriptors.
1084:M 25 Mar 10:32:58.850 # Server can't set maximum open files to 10032 because of OS error: Operation not permitted.
1084:M 25 Mar 10:32:58.850 # Current maximum open files is 4096. maxclients has been reduced to 4064 to compensate for low ulimit. If you need higher maxclients increase 'ulimit -n'.
1084:M 25 Mar 10:32:58.894 * Running mode=standalone, port=11000.
1084:M 25 Mar 10:32:58.894 # WARNING: The TCP backlog setting of 511 cannot be enforced because /proc/sys/net/core/somaxconn is set to the lower value of 128.
1084:M 25 Mar 10:32:58.894 # Server initialized
1084:M 25 Mar 10:32:58.895 # WARNING overcommit_memory is set to 0! Background save may fail under low memory condition. To fix this issue add 'vm.overcommit_memory = 1' to /etc/sysctl.conf and then reboot or run the command 'sysctl vm.overcommit_memory=1' for this to take effect.
1084:M 25 Mar 10:32:58.895 # WARNING you have Transparent Huge Pages (THP) support enabled in your kernel. This will create latency and memory usage issues with Redis. To fix this issue run the command 'echo never > /sys/kernel/mm/transparent_hugepage/enabled' as root, and add it to your /etc/rc.local in order to retain the setting after a reboot. Redis must be restarted after THP is disabled.
1084:M 25 Mar 10:32:58.895 * Ready to accept connections
1084:signal-handler (1616648598) Received SIGTERM scheduling shutdown...
1084:M 25 Mar 05:03:18.601 # User requested shutdown...
1084:M 25 Mar 05:03:18.601 * Removing the pid file.
1084:M 25 Mar 05:03:18.602 # Redis is now ready to exit, bye bye...
1574:C 25 Mar 05:03:21.652 # oO0OoO0OoO0Oo Redis is starting oO0OoO0OoO0Oo
1574:C 25 Mar 05:03:21.652 # Redis version=4.0.9, bits=64, commit=00000000, modified=0, pid=1574, just started
1574:C 25 Mar 05:03:21.653 # Configuration loaded
1574:M 25 Mar 05:03:21.657 # You requested maxclients of 10000 requiring at least 10032 max file descriptors.
1574:M 25 Mar 05:03:21.670 # Server can't set maximum open files to 10032 because of OS error: Operation not permitted.
1574:M 25 Mar 05:03:21.675 # Current maximum open files is 4096. maxclients has been reduced to 4064 to compensate for low ulimit. If you need higher maxclients increase 'ulimit -n'.
1574:M 25 Mar 05:03:21.676 * Running mode=standalone, port=11000.
1574:M 25 Mar 05:03:21.691 # WARNING: The TCP backlog setting of 511 cannot be enforced because /proc/sys/net/core/somaxconn is set to the lower value of 128.
1574:M 25 Mar 05:03:21.692 # Server initialized
1574:M 25 Mar 05:03:21.692 # WARNING overcommit_memory is set to 0! Background save may fail under low memory condition. To fix this issue add 'vm.overcommit_memory = 1' to /etc/sysctl.conf and then reboot or run the command 'sysctl vm.overcommit_memory=1' for this to take effect.
1574:M 25 Mar 05:03:21.692 # WARNING you have Transparent Huge Pages (THP) support enabled in your kernel. This will create latency and memory usage issues with Redis. To fix this issue run the command 'echo never > /sys/kernel/mm/transparent_hugepage/enabled' as root, and add it to your /etc/rc.local in order to retain the setting after a reboot. Redis must be restarted after THP is disabled.
1574:M 25 Mar 05:03:21.693 * Ready to accept connections
1068:C 29 Mar 10:45:54.595 # oO0OoO0OoO0Oo Redis is starting oO0OoO0OoO0Oo
1068:C 29 Mar 10:45:54.596 # Redis version=4.0.9, bits=64, commit=00000000, modified=0, pid=1068, just started
1068:C 29 Mar 10:45:54.596 # Configuration loaded
1068:M 29 Mar 10:45:54.599 # You requested maxclients of 10000 requiring at least 10032 max file descriptors.
1068:M 29 Mar 10:45:54.599 # Server can't set maximum open files to 10032 because of OS error: Operation not permitted.
1068:M 29 Mar 10:45:54.599 # Current maximum open files is 4096. maxclients has been reduced to 4064 to compensate for low ulimit. If you need higher maxclients increase 'ulimit -n'.
1068:M 29 Mar 10:45:54.641 * Running mode=standalone, port=11000.
1068:M 29 Mar 10:45:54.641 # WARNING: The TCP backlog setting of 511 cannot be enforced because /proc/sys/net/core/somaxconn is set to the lower value of 128.
1068:M 29 Mar 10:45:54.641 # Server initialized
1068:M 29 Mar 10:45:54.641 # WARNING overcommit_memory is set to 0! Background save may fail under low memory condition. To fix this issue add 'vm.overcommit_memory = 1' to /etc/sysctl.conf and then reboot or run the command 'sysctl vm.overcommit_memory=1' for this to take effect.
1068:M 29 Mar 10:45:54.641 # WARNING you have Transparent Huge Pages (THP) support enabled in your kernel. This will create latency and memory usage issues with Redis. To fix this issue run the command 'echo never > /sys/kernel/mm/transparent_hugepage/enabled' as root, and add it to your /etc/rc.local in order to retain the setting after a reboot. Redis must be restarted after THP is disabled.
1068:M 29 Mar 10:45:54.641 * Ready to accept connections
1068:signal-handler (1616994974) Received SIGTERM scheduling shutdown...
1068:M 29 Mar 05:16:15.002 # User requested shutdown...
1068:M 29 Mar 05:16:15.002 * Removing the pid file.
1068:M 29 Mar 05:16:15.004 # Redis is now ready to exit, bye bye...
1740:C 29 Mar 05:16:18.031 # oO0OoO0OoO0Oo Redis is starting oO0OoO0OoO0Oo
1740:C 29 Mar 05:16:18.031 # Redis version=4.0.9, bits=64, commit=00000000, modified=0, pid=1740, just started
1740:C 29 Mar 05:16:18.031 # Configuration loaded
1740:M 29 Mar 05:16:18.049 # You requested maxclients of 10000 requiring at least 10032 max file descriptors.
1740:M 29 Mar 05:16:18.049 # Server can't set maximum open files to 10032 because of OS error: Operation not permitted.
1740:M 29 Mar 05:16:18.049 # Current maximum open files is 4096. maxclients has been reduced to 4064 to compensate for low ulimit. If you need higher maxclients increase 'ulimit -n'.
1740:M 29 Mar 05:16:18.051 * Running mode=standalone, port=11000.
1740:M 29 Mar 05:16:18.051 # WARNING: The TCP backlog setting of 511 cannot be enforced because /proc/sys/net/core/somaxconn is set to the lower value of 128.
1740:M 29 Mar 05:16:18.051 # Server initialized
1740:M 29 Mar 05:16:18.051 # WARNING overcommit_memory is set to 0! Background save may fail under low memory condition. To fix this issue add 'vm.overcommit_memory = 1' to /etc/sysctl.conf and then reboot or run the command 'sysctl vm.overcommit_memory=1' for this to take effect.
1740:M 29 Mar 05:16:18.051 # WARNING you have Transparent Huge Pages (THP) support enabled in your kernel. This will create latency and memory usage issues with Redis. To fix this issue run the command 'echo never > /sys/kernel/mm/transparent_hugepage/enabled' as root, and add it to your /etc/rc.local in order to retain the setting after a reboot. Redis must be restarted after THP is disabled.
1740:M 29 Mar 05:16:18.051 * Ready to accept connections
1092:C 30 Mar 10:07:18.239 # oO0OoO0OoO0Oo Redis is starting oO0OoO0OoO0Oo
1092:C 30 Mar 10:07:18.239 # Redis version=4.0.9, bits=64, commit=00000000, modified=0, pid=1092, just started
1092:C 30 Mar 10:07:18.240 # Configuration loaded
1092:M 30 Mar 10:07:18.261 # You requested maxclients of 10000 requiring at least 10032 max file descriptors.
1092:M 30 Mar 10:07:18.261 # Server can't set maximum open files to 10032 because of OS error: Operation not permitted.
1092:M 30 Mar 10:07:18.261 # Current maximum open files is 4096. maxclients has been reduced to 4064 to compensate for low ulimit. If you need higher maxclients increase 'ulimit -n'.
1092:M 30 Mar 10:07:18.274 * Running mode=standalone, port=11000.
1092:M 30 Mar 10:07:18.274 # WARNING: The TCP backlog setting of 511 cannot be enforced because /proc/sys/net/core/somaxconn is set to the lower value of 128.
1092:M 30 Mar 10:07:18.274 # Server initialized
1092:M 30 Mar 10:07:18.274 # WARNING overcommit_memory is set to 0! Background save may fail under low memory condition. To fix this issue add 'vm.overcommit_memory = 1' to /etc/sysctl.conf and then reboot or run the command 'sysctl vm.overcommit_memory=1' for this to take effect.
1092:M 30 Mar 10:07:18.274 # WARNING you have Transparent Huge Pages (THP) support enabled in your kernel. This will create latency and memory usage issues with Redis. To fix this issue run the command 'echo never > /sys/kernel/mm/transparent_hugepage/enabled' as root, and add it to your /etc/rc.local in order to retain the setting after a reboot. Redis must be restarted after THP is disabled.
1092:M 30 Mar 10:07:18.277 * Ready to accept connections
1092:signal-handler (1617079058) Received SIGTERM scheduling shutdown...
1092:M 30 Mar 04:37:38.154 # User requested shutdown...
1092:M 30 Mar 04:37:38.154 * Removing the pid file.
1092:M 30 Mar 04:37:38.155 # Redis is now ready to exit, bye bye...
1665:C 30 Mar 04:37:41.277 # oO0OoO0OoO0Oo Redis is starting oO0OoO0OoO0Oo
1665:C 30 Mar 04:37:41.278 # Redis version=4.0.9, bits=64, commit=00000000, modified=0, pid=1665, just started
1665:C 30 Mar 04:37:41.278 # Configuration loaded
1665:M 30 Mar 04:37:41.293 # You requested maxclients of 10000 requiring at least 10032 max file descriptors.
1665:M 30 Mar 04:37:41.293 # Server can't set maximum open files to 10032 because of OS error: Operation not permitted.
1665:M 30 Mar 04:37:41.293 # Current maximum open files is 4096. maxclients has been reduced to 4064 to compensate for low ulimit. If you need higher maxclients increase 'ulimit -n'.
1665:M 30 Mar 04:37:41.294 * Running mode=standalone, port=11000.
1665:M 30 Mar 04:37:41.294 # WARNING: The TCP backlog setting of 511 cannot be enforced because /proc/sys/net/core/somaxconn is set to the lower value of 128.
1665:M 30 Mar 04:37:41.294 # Server initialized
1665:M 30 Mar 04:37:41.294 # WARNING overcommit_memory is set to 0! Background save may fail under low memory condition. To fix this issue add 'vm.overcommit_memory = 1' to /etc/sysctl.conf and then reboot or run the command 'sysctl vm.overcommit_memory=1' for this to take effect.
1665:M 30 Mar 04:37:41.295 # WARNING you have Transparent Huge Pages (THP) support enabled in your kernel. This will create latency and memory usage issues with Redis. To fix this issue run the command 'echo never > /sys/kernel/mm/transparent_hugepage/enabled' as root, and add it to your /etc/rc.local in order to retain the setting after a reboot. Redis must be restarted after THP is disabled.
1665:M 30 Mar 04:37:41.295 * Ready to accept connections
1025:C 30 Mar 14:44:51.506 # oO0OoO0OoO0Oo Redis is starting oO0OoO0OoO0Oo
1025:C 30 Mar 14:44:51.506 # Redis version=4.0.9, bits=64, commit=00000000, modified=0, pid=1025, just started
1025:C 30 Mar 14:44:51.506 # Configuration loaded
1025:M 30 Mar 14:44:51.513 # You requested maxclients of 10000 requiring at least 10032 max file descriptors.
1025:M 30 Mar 14:44:51.513 # Server can't set maximum open files to 10032 because of OS error: Operation not permitted.
1025:M 30 Mar 14:44:51.513 # Current maximum open files is 4096. maxclients has been reduced to 4064 to compensate for low ulimit. If you need higher maxclients increase 'ulimit -n'.
1025:M 30 Mar 14:44:51.582 * Running mode=standalone, port=11000.
1025:M 30 Mar 14:44:51.582 # WARNING: The TCP backlog setting of 511 cannot be enforced because /proc/sys/net/core/somaxconn is set to the lower value of 128.
1025:M 30 Mar 14:44:51.582 # Server initialized
1025:M 30 Mar 14:44:51.582 # WARNING overcommit_memory is set to 0! Background save may fail under low memory condition. To fix this issue add 'vm.overcommit_memory = 1' to /etc/sysctl.conf and then reboot or run the command 'sysctl vm.overcommit_memory=1' for this to take effect.
1025:M 30 Mar 14:44:51.582 # WARNING you have Transparent Huge Pages (THP) support enabled in your kernel. This will create latency and memory usage issues with Redis. To fix this issue run the command 'echo never > /sys/kernel/mm/transparent_hugepage/enabled' as root, and add it to your /etc/rc.local in order to retain the setting after a reboot. Redis must be restarted after THP is disabled.
1025:M 30 Mar 14:44:51.582 * Ready to accept connections
1025:signal-handler (1617095711) Received SIGTERM scheduling shutdown...
1025:M 30 Mar 09:15:11.267 # User requested shutdown...
1025:M 30 Mar 09:15:11.267 * Removing the pid file.
1025:M 30 Mar 09:15:11.267 # Redis is now ready to exit, bye bye...
1751:C 30 Mar 09:15:13.229 # oO0OoO0OoO0Oo Redis is starting oO0OoO0OoO0Oo
1751:C 30 Mar 09:15:13.230 # Redis version=4.0.9, bits=64, commit=00000000, modified=0, pid=1751, just started
1751:C 30 Mar 09:15:13.231 # Configuration loaded
1751:M 30 Mar 09:15:13.234 # You requested maxclients of 10000 requiring at least 10032 max file descriptors.
1751:M 30 Mar 09:15:13.264 # Server can't set maximum open files to 10032 because of OS error: Operation not permitted.
1751:M 30 Mar 09:15:13.265 # Current maximum open files is 4096. maxclients has been reduced to 4064 to compensate for low ulimit. If you need higher maxclients increase 'ulimit -n'.
1751:M 30 Mar 09:15:13.266 * Running mode=standalone, port=11000.
1751:M 30 Mar 09:15:13.268 # WARNING: The TCP backlog setting of 511 cannot be enforced because /proc/sys/net/core/somaxconn is set to the lower value of 128.
1751:M 30 Mar 09:15:13.268 # Server initialized
1751:M 30 Mar 09:15:13.269 # WARNING overcommit_memory is set to 0! Background save may fail under low memory condition. To fix this issue add 'vm.overcommit_memory = 1' to /etc/sysctl.conf and then reboot or run the command 'sysctl vm.overcommit_memory=1' for this to take effect.
1751:M 30 Mar 09:15:13.269 # WARNING you have Transparent Huge Pages (THP) support enabled in your kernel. This will create latency and memory usage issues with Redis. To fix this issue run the command 'echo never > /sys/kernel/mm/transparent_hugepage/enabled' as root, and add it to your /etc/rc.local in order to retain the setting after a reboot. Redis must be restarted after THP is disabled.
1751:M 30 Mar 09:15:13.276 * Ready to accept connections
1154:C 30 Mar 16:15:34.743 # oO0OoO0OoO0Oo Redis is starting oO0OoO0OoO0Oo
1154:C 30 Mar 16:15:34.743 # Redis version=4.0.9, bits=64, commit=00000000, modified=0, pid=1154, just started
1154:C 30 Mar 16:15:34.743 # Configuration loaded
1154:M 30 Mar 16:15:34.768 # You requested maxclients of 10000 requiring at least 10032 max file descriptors.
1154:M 30 Mar 16:15:34.768 # Server can't set maximum open files to 10032 because of OS error: Operation not permitted.
1154:M 30 Mar 16:15:34.768 # Current maximum open files is 4096. maxclients has been reduced to 4064 to compensate for low ulimit. If you need higher maxclients increase 'ulimit -n'.
1154:M 30 Mar 16:15:34.871 * Running mode=standalone, port=11000.
1154:M 30 Mar 16:15:34.871 # WARNING: The TCP backlog setting of 511 cannot be enforced because /proc/sys/net/core/somaxconn is set to the lower value of 128.
1154:M 30 Mar 16:15:34.871 # Server initialized
1154:M 30 Mar 16:15:34.871 # WARNING overcommit_memory is set to 0! Background save may fail under low memory condition. To fix this issue add 'vm.overcommit_memory = 1' to /etc/sysctl.conf and then reboot or run the command 'sysctl vm.overcommit_memory=1' for this to take effect.
1154:M 30 Mar 16:15:34.872 # WARNING you have Transparent Huge Pages (THP) support enabled in your kernel. This will create latency and memory usage issues with Redis. To fix this issue run the command 'echo never > /sys/kernel/mm/transparent_hugepage/enabled' as root, and add it to your /etc/rc.local in order to retain the setting after a reboot. Redis must be restarted after THP is disabled.
1154:M 30 Mar 16:15:34.872 * Ready to accept connections
1154:signal-handler (1617101152) Received SIGTERM scheduling shutdown...
1154:M 30 Mar 10:45:52.374 # User requested shutdown...
1154:M 30 Mar 10:45:52.374 * Removing the pid file.
1154:M 30 Mar 10:45:52.376 # Redis is now ready to exit, bye bye...
1782:C 30 Mar 10:45:54.346 # oO0OoO0OoO0Oo Redis is starting oO0OoO0OoO0Oo
1782:C 30 Mar 10:45:54.346 # Redis version=4.0.9, bits=64, commit=00000000, modified=0, pid=1782, just started
1782:C 30 Mar 10:45:54.346 # Configuration loaded
1782:M 30 Mar 10:45:54.410 # You requested maxclients of 10000 requiring at least 10032 max file descriptors.
1782:M 30 Mar 10:45:54.432 # Server can't set maximum open files to 10032 because of OS error: Operation not permitted.
1782:M 30 Mar 10:45:54.439 # Current maximum open files is 4096. maxclients has been reduced to 4064 to compensate for low ulimit. If you need higher maxclients increase 'ulimit -n'.
1782:M 30 Mar 10:45:54.441 * Running mode=standalone, port=11000.
1782:M 30 Mar 10:45:54.441 # WARNING: The TCP backlog setting of 511 cannot be enforced because /proc/sys/net/core/somaxconn is set to the lower value of 128.
1782:M 30 Mar 10:45:54.441 # Server initialized
1782:M 30 Mar 10:45:54.441 # WARNING overcommit_memory is set to 0! Background save may fail under low memory condition. To fix this issue add 'vm.overcommit_memory = 1' to /etc/sysctl.conf and then reboot or run the command 'sysctl vm.overcommit_memory=1' for this to take effect.
1782:M 30 Mar 10:45:54.441 # WARNING you have Transparent Huge Pages (THP) support enabled in your kernel. This will create latency and memory usage issues with Redis. To fix this issue run the command 'echo never > /sys/kernel/mm/transparent_hugepage/enabled' as root, and add it to your /etc/rc.local in order to retain the setting after a reboot. Redis must be restarted after THP is disabled.
1782:M 30 Mar 10:45:54.441 * Ready to accept connections
1008:C 01 Apr 13:17:37.991 # oO0OoO0OoO0Oo Redis is starting oO0OoO0OoO0Oo
1008:C 01 Apr 13:17:37.991 # Redis version=4.0.9, bits=64, commit=00000000, modified=0, pid=1008, just started
1008:C 01 Apr 13:17:37.991 # Configuration loaded
1008:M 01 Apr 13:17:37.995 # You requested maxclients of 10000 requiring at least 10032 max file descriptors.
1008:M 01 Apr 13:17:37.995 # Server can't set maximum open files to 10032 because of OS error: Operation not permitted.
1008:M 01 Apr 13:17:37.995 # Current maximum open files is 4096. maxclients has been reduced to 4064 to compensate for low ulimit. If you need higher maxclients increase 'ulimit -n'.
1008:M 01 Apr 13:17:38.037 * Running mode=standalone, port=11000.
1008:M 01 Apr 13:17:38.038 # WARNING: The TCP backlog setting of 511 cannot be enforced because /proc/sys/net/core/somaxconn is set to the lower value of 128.
1008:M 01 Apr 13:17:38.038 # Server initialized
1008:M 01 Apr 13:17:38.038 # WARNING overcommit_memory is set to 0! Background save may fail under low memory condition. To fix this issue add 'vm.overcommit_memory = 1' to /etc/sysctl.conf and then reboot or run the command 'sysctl vm.overcommit_memory=1' for this to take effect.
1008:M 01 Apr 13:17:38.038 # WARNING you have Transparent Huge Pages (THP) support enabled in your kernel. This will create latency and memory usage issues with Redis. To fix this issue run the command 'echo never > /sys/kernel/mm/transparent_hugepage/enabled' as root, and add it to your /etc/rc.local in order to retain the setting after a reboot. Redis must be restarted after THP is disabled.
1008:M 01 Apr 13:17:38.038 * Ready to accept connections
1008:signal-handler (1617263278) Received SIGTERM scheduling shutdown...
1008:M 01 Apr 07:47:58.637 # User requested shutdown...
1008:M 01 Apr 07:47:58.637 * Removing the pid file.
1008:M 01 Apr 07:47:58.637 # Redis is now ready to exit, bye bye...
1806:C 01 Apr 07:48:00.605 # oO0OoO0OoO0Oo Redis is starting oO0OoO0OoO0Oo
1806:C 01 Apr 07:48:00.605 # Redis version=4.0.9, bits=64, commit=00000000, modified=0, pid=1806, just started
1806:C 01 Apr 07:48:00.605 # Configuration loaded
1806:M 01 Apr 07:48:00.624 # You requested maxclients of 10000 requiring at least 10032 max file descriptors.
1806:M 01 Apr 07:48:00.624 # Server can't set maximum open files to 10032 because of OS error: Operation not permitted.
1806:M 01 Apr 07:48:00.624 # Current maximum open files is 4096. maxclients has been reduced to 4064 to compensate for low ulimit. If you need higher maxclients increase 'ulimit -n'.
1806:M 01 Apr 07:48:00.626 * Running mode=standalone, port=11000.
1806:M 01 Apr 07:48:00.626 # WARNING: The TCP backlog setting of 511 cannot be enforced because /proc/sys/net/core/somaxconn is set to the lower value of 128.
1806:M 01 Apr 07:48:00.626 # Server initialized
1806:M 01 Apr 07:48:00.626 # WARNING overcommit_memory is set to 0! Background save may fail under low memory condition. To fix this issue add 'vm.overcommit_memory = 1' to /etc/sysctl.conf and then reboot or run the command 'sysctl vm.overcommit_memory=1' for this to take effect.
1806:M 01 Apr 07:48:00.626 # WARNING you have Transparent Huge Pages (THP) support enabled in your kernel. This will create latency and memory usage issues with Redis. To fix this issue run the command 'echo never > /sys/kernel/mm/transparent_hugepage/enabled' as root, and add it to your /etc/rc.local in order to retain the setting after a reboot. Redis must be restarted after THP is disabled.
1806:M 01 Apr 07:48:00.626 * Ready to accept connections
1050:C 02 Apr 10:42:32.590 # oO0OoO0OoO0Oo Redis is starting oO0OoO0OoO0Oo
1050:C 02 Apr 10:42:32.593 # Redis version=4.0.9, bits=64, commit=00000000, modified=0, pid=1050, just started
1050:C 02 Apr 10:42:32.594 # Configuration loaded
1050:M 02 Apr 10:42:32.619 # You requested maxclients of 10000 requiring at least 10032 max file descriptors.
1050:M 02 Apr 10:42:32.620 # Server can't set maximum open files to 10032 because of OS error: Operation not permitted.
1050:M 02 Apr 10:42:32.621 # Current maximum open files is 4096. maxclients has been reduced to 4064 to compensate for low ulimit. If you need higher maxclients increase 'ulimit -n'.
1050:M 02 Apr 10:42:32.678 * Running mode=standalone, port=11000.
1050:M 02 Apr 10:42:32.679 # WARNING: The TCP backlog setting of 511 cannot be enforced because /proc/sys/net/core/somaxconn is set to the lower value of 128.
1050:M 02 Apr 10:42:32.679 # Server initialized
1050:M 02 Apr 10:42:32.681 # WARNING overcommit_memory is set to 0! Background save may fail under low memory condition. To fix this issue add 'vm.overcommit_memory = 1' to /etc/sysctl.conf and then reboot or run the command 'sysctl vm.overcommit_memory=1' for this to take effect.
1050:M 02 Apr 10:42:32.681 # WARNING you have Transparent Huge Pages (THP) support enabled in your kernel. This will create latency and memory usage issues with Redis. To fix this issue run the command 'echo never > /sys/kernel/mm/transparent_hugepage/enabled' as root, and add it to your /etc/rc.local in order to retain the setting after a reboot. Redis must be restarted after THP is disabled.
1050:M 02 Apr 10:42:32.682 * Ready to accept connections
1050:signal-handler (1617340371) Received SIGTERM scheduling shutdown...
1050:M 02 Apr 05:12:51.875 # User requested shutdown...
1050:M 02 Apr 05:12:51.875 * Removing the pid file.
1050:M 02 Apr 05:12:51.875 # Redis is now ready to exit, bye bye...
1650:C 02 Apr 05:12:54.107 # oO0OoO0OoO0Oo Redis is starting oO0OoO0OoO0Oo
1650:C 02 Apr 05:12:54.107 # Redis version=4.0.9, bits=64, commit=00000000, modified=0, pid=1650, just started
1650:C 02 Apr 05:12:54.107 # Configuration loaded
1650:M 02 Apr 05:12:54.154 # You requested maxclients of 10000 requiring at least 10032 max file descriptors.
1650:M 02 Apr 05:12:54.154 # Server can't set maximum open files to 10032 because of OS error: Operation not permitted.
1650:M 02 Apr 05:12:54.154 # Current maximum open files is 4096. maxclients has been reduced to 4064 to compensate for low ulimit. If you need higher maxclients increase 'ulimit -n'.
1650:M 02 Apr 05:12:54.155 * Running mode=standalone, port=11000.
1650:M 02 Apr 05:12:54.155 # WARNING: The TCP backlog setting of 511 cannot be enforced because /proc/sys/net/core/somaxconn is set to the lower value of 128.
1650:M 02 Apr 05:12:54.155 # Server initialized
1650:M 02 Apr 05:12:54.155 # WARNING overcommit_memory is set to 0! Background save may fail under low memory condition. To fix this issue add 'vm.overcommit_memory = 1' to /etc/sysctl.conf and then reboot or run the command 'sysctl vm.overcommit_memory=1' for this to take effect.
1650:M 02 Apr 05:12:54.155 # WARNING you have Transparent Huge Pages (THP) support enabled in your kernel. This will create latency and memory usage issues with Redis. To fix this issue run the command 'echo never > /sys/kernel/mm/transparent_hugepage/enabled' as root, and add it to your /etc/rc.local in order to retain the setting after a reboot. Redis must be restarted after THP is disabled.
1650:M 02 Apr 05:12:54.155 * Ready to accept connections
1080:C 02 Apr 15:29:05.164 # oO0OoO0OoO0Oo Redis is starting oO0OoO0OoO0Oo
1080:C 02 Apr 15:29:05.164 # Redis version=4.0.9, bits=64, commit=00000000, modified=0, pid=1080, just started
1080:C 02 Apr 15:29:05.164 # Configuration loaded
1080:M 02 Apr 15:29:05.176 # You requested maxclients of 10000 requiring at least 10032 max file descriptors.
1080:M 02 Apr 15:29:05.176 # Server can't set maximum open files to 10032 because of OS error: Operation not permitted.
1080:M 02 Apr 15:29:05.176 # Current maximum open files is 4096. maxclients has been reduced to 4064 to compensate for low ulimit. If you need higher maxclients increase 'ulimit -n'.
1080:M 02 Apr 15:29:05.239 * Running mode=standalone, port=11000.
1080:M 02 Apr 15:29:05.239 # WARNING: The TCP backlog setting of 511 cannot be enforced because /proc/sys/net/core/somaxconn is set to the lower value of 128.
1080:M 02 Apr 15:29:05.239 # Server initialized
1080:M 02 Apr 15:29:05.239 # WARNING overcommit_memory is set to 0! Background save may fail under low memory condition. To fix this issue add 'vm.overcommit_memory = 1' to /etc/sysctl.conf and then reboot or run the command 'sysctl vm.overcommit_memory=1' for this to take effect.
1080:M 02 Apr 15:29:05.239 # WARNING you have Transparent Huge Pages (THP) support enabled in your kernel. This will create latency and memory usage issues with Redis. To fix this issue run the command 'echo never > /sys/kernel/mm/transparent_hugepage/enabled' as root, and add it to your /etc/rc.local in order to retain the setting after a reboot. Redis must be restarted after THP is disabled.
1080:M 02 Apr 15:29:05.239 * Ready to accept connections
1080:signal-handler (1617357565) Received SIGTERM scheduling shutdown...
1080:M 02 Apr 09:59:25.252 # User requested shutdown...
1080:M 02 Apr 09:59:25.252 * Removing the pid file.
1080:M 02 Apr 09:59:25.253 # Redis is now ready to exit, bye bye...
1587:C 02 Apr 09:59:27.328 # oO0OoO0OoO0Oo Redis is starting oO0OoO0OoO0Oo
1587:C 02 Apr 09:59:27.329 # Redis version=4.0.9, bits=64, commit=00000000, modified=0, pid=1587, just started
1587:C 02 Apr 09:59:27.330 # Configuration loaded
1587:M 02 Apr 09:59:27.338 # You requested maxclients of 10000 requiring at least 10032 max file descriptors.
1587:M 02 Apr 09:59:27.367 # Server can't set maximum open files to 10032 because of OS error: Operation not permitted.
1587:M 02 Apr 09:59:27.368 # Current maximum open files is 4096. maxclients has been reduced to 4064 to compensate for low ulimit. If you need higher maxclients increase 'ulimit -n'.
1587:M 02 Apr 09:59:27.370 * Running mode=standalone, port=11000.
1587:M 02 Apr 09:59:27.371 # WARNING: The TCP backlog setting of 511 cannot be enforced because /proc/sys/net/core/somaxconn is set to the lower value of 128.
1587:M 02 Apr 09:59:27.379 # Server initialized
1587:M 02 Apr 09:59:27.379 # WARNING overcommit_memory is set to 0! Background save may fail under low memory condition. To fix this issue add 'vm.overcommit_memory = 1' to /etc/sysctl.conf and then reboot or run the command 'sysctl vm.overcommit_memory=1' for this to take effect.
1587:M 02 Apr 09:59:27.381 # WARNING you have Transparent Huge Pages (THP) support enabled in your kernel. This will create latency and memory usage issues with Redis. To fix this issue run the command 'echo never > /sys/kernel/mm/transparent_hugepage/enabled' as root, and add it to your /etc/rc.local in order to retain the setting after a reboot. Redis must be restarted after THP is disabled.
1587:M 02 Apr 09:59:27.383 * Ready to accept connections
1019:C 16 Apr 11:01:15.630 # oO0OoO0OoO0Oo Redis is starting oO0OoO0OoO0Oo
1019:C 16 Apr 11:01:15.630 # Redis version=4.0.9, bits=64, commit=00000000, modified=0, pid=1019, just started
1019:C 16 Apr 11:01:15.630 # Configuration loaded
1019:M 16 Apr 11:01:15.649 # You requested maxclients of 10000 requiring at least 10032 max file descriptors.
1019:M 16 Apr 11:01:15.649 # Server can't set maximum open files to 10032 because of OS error: Operation not permitted.
1019:M 16 Apr 11:01:15.649 # Current maximum open files is 4096. maxclients has been reduced to 4064 to compensate for low ulimit. If you need higher maxclients increase 'ulimit -n'.
1019:M 16 Apr 11:01:15.667 * Running mode=standalone, port=11000.
1019:M 16 Apr 11:01:15.667 # WARNING: The TCP backlog setting of 511 cannot be enforced because /proc/sys/net/core/somaxconn is set to the lower value of 128.
1019:M 16 Apr 11:01:15.667 # Server initialized
1019:M 16 Apr 11:01:15.668 # WARNING overcommit_memory is set to 0! Background save may fail under low memory condition. To fix this issue add 'vm.overcommit_memory = 1' to /etc/sysctl.conf and then reboot or run the command 'sysctl vm.overcommit_memory=1' for this to take effect.
1019:M 16 Apr 11:01:15.668 # WARNING you have Transparent Huge Pages (THP) support enabled in your kernel. This will create latency and memory usage issues with Redis. To fix this issue run the command 'echo never > /sys/kernel/mm/transparent_hugepage/enabled' as root, and add it to your /etc/rc.local in order to retain the setting after a reboot. Redis must be restarted after THP is disabled.
1019:M 16 Apr 11:01:15.668 * Ready to accept connections
1019:signal-handler (1618551095) Received SIGTERM scheduling shutdown...
1019:M 16 Apr 05:31:35.536 # User requested shutdown...
1019:M 16 Apr 05:31:35.536 * Removing the pid file.
1019:M 16 Apr 05:31:35.536 # Redis is now ready to exit, bye bye...
1728:C 16 Apr 05:31:37.702 # oO0OoO0OoO0Oo Redis is starting oO0OoO0OoO0Oo
1728:C 16 Apr 05:31:37.708 # Redis version=4.0.9, bits=64, commit=00000000, modified=0, pid=1728, just started
1728:C 16 Apr 05:31:37.709 # Configuration loaded
1728:M 16 Apr 05:31:37.733 # You requested maxclients of 10000 requiring at least 10032 max file descriptors.
1728:M 16 Apr 05:31:37.751 # Server can't set maximum open files to 10032 because of OS error: Operation not permitted.
1728:M 16 Apr 05:31:37.752 # Current maximum open files is 4096. maxclients has been reduced to 4064 to compensate for low ulimit. If you need higher maxclients increase 'ulimit -n'.
1728:M 16 Apr 05:31:37.754 * Running mode=standalone, port=11000.
1728:M 16 Apr 05:31:37.768 # WARNING: The TCP backlog setting of 511 cannot be enforced because /proc/sys/net/core/somaxconn is set to the lower value of 128.
1728:M 16 Apr 05:31:37.768 # Server initialized
1728:M 16 Apr 05:31:37.769 # WARNING overcommit_memory is set to 0! Background save may fail under low memory condition. To fix this issue add 'vm.overcommit_memory = 1' to /etc/sysctl.conf and then reboot or run the command 'sysctl vm.overcommit_memory=1' for this to take effect.
1728:M 16 Apr 05:31:37.769 # WARNING you have Transparent Huge Pages (THP) support enabled in your kernel. This will create latency and memory usage issues with Redis. To fix this issue run the command 'echo never > /sys/kernel/mm/transparent_hugepage/enabled' as root, and add it to your /etc/rc.local in order to retain the setting after a reboot. Redis must be restarted after THP is disabled.
1728:M 16 Apr 05:31:37.769 * Ready to accept connections
1023:C 21 Apr 14:19:51.141 # oO0OoO0OoO0Oo Redis is starting oO0OoO0OoO0Oo
1023:C 21 Apr 14:19:51.141 # Redis version=4.0.9, bits=64, commit=00000000, modified=0, pid=1023, just started
1023:C 21 Apr 14:19:51.141 # Configuration loaded
1023:M 21 Apr 14:19:51.181 # You requested maxclients of 10000 requiring at least 10032 max file descriptors.
1023:M 21 Apr 14:19:51.181 # Server can't set maximum open files to 10032 because of OS error: Operation not permitted.
1023:M 21 Apr 14:19:51.181 # Current maximum open files is 4096. maxclients has been reduced to 4064 to compensate for low ulimit. If you need higher maxclients increase 'ulimit -n'.
1023:M 21 Apr 14:19:51.200 * Running mode=standalone, port=11000.
1023:M 21 Apr 14:19:51.200 # WARNING: The TCP backlog setting of 511 cannot be enforced because /proc/sys/net/core/somaxconn is set to the lower value of 128.
1023:M 21 Apr 14:19:51.200 # Server initialized
1023:M 21 Apr 14:19:51.201 # WARNING overcommit_memory is set to 0! Background save may fail under low memory condition. To fix this issue add 'vm.overcommit_memory = 1' to /etc/sysctl.conf and then reboot or run the command 'sysctl vm.overcommit_memory=1' for this to take effect.
1023:M 21 Apr 14:19:51.201 # WARNING you have Transparent Huge Pages (THP) support enabled in your kernel. This will create latency and memory usage issues with Redis. To fix this issue run the command 'echo never > /sys/kernel/mm/transparent_hugepage/enabled' as root, and add it to your /etc/rc.local in order to retain the setting after a reboot. Redis must be restarted after THP is disabled.
1023:M 21 Apr 14:19:51.201 * Ready to accept connections
1023:signal-handler (1618995015) Received SIGTERM scheduling shutdown...
1023:M 21 Apr 08:50:15.124 # User requested shutdown...
1023:M 21 Apr 08:50:15.124 * Removing the pid file.
1023:M 21 Apr 08:50:15.125 # Redis is now ready to exit, bye bye...
1664:C 21 Apr 08:50:17.990 # oO0OoO0OoO0Oo Redis is starting oO0OoO0OoO0Oo
1664:C 21 Apr 08:50:17.996 # Redis version=4.0.9, bits=64, commit=00000000, modified=0, pid=1664, just started
1664:C 21 Apr 08:50:18.003 # Configuration loaded
1664:M 21 Apr 08:50:18.051 # You requested maxclients of 10000 requiring at least 10032 max file descriptors.
1664:M 21 Apr 08:50:18.052 # Server can't set maximum open files to 10032 because of OS error: Operation not permitted.
1664:M 21 Apr 08:50:18.060 # Current maximum open files is 4096. maxclients has been reduced to 4064 to compensate for low ulimit. If you need higher maxclients increase 'ulimit -n'.
1664:M 21 Apr 08:50:18.061 * Running mode=standalone, port=11000.
1664:M 21 Apr 08:50:18.079 # WARNING: The TCP backlog setting of 511 cannot be enforced because /proc/sys/net/core/somaxconn is set to the lower value of 128.
1664:M 21 Apr 08:50:18.080 # Server initialized
1664:M 21 Apr 08:50:18.081 # WARNING overcommit_memory is set to 0! Background save may fail under low memory condition. To fix this issue add 'vm.overcommit_memory = 1' to /etc/sysctl.conf and then reboot or run the command 'sysctl vm.overcommit_memory=1' for this to take effect.
1664:M 21 Apr 08:50:18.081 # WARNING you have Transparent Huge Pages (THP) support enabled in your kernel. This will create latency and memory usage issues with Redis. To fix this issue run the command 'echo never > /sys/kernel/mm/transparent_hugepage/enabled' as root, and add it to your /etc/rc.local in order to retain the setting after a reboot. Redis must be restarted after THP is disabled.
1664:M 21 Apr 08:50:18.082 * Ready to accept connections
1086:C 21 Jun 15:42:14.450 # oO0OoO0OoO0Oo Redis is starting oO0OoO0OoO0Oo
1086:C 21 Jun 15:42:14.450 # Redis version=4.0.9, bits=64, commit=00000000, modified=0, pid=1086, just started
1086:C 21 Jun 15:42:14.450 # Configuration loaded
1086:M 21 Jun 15:42:14.457 # You requested maxclients of 10000 requiring at least 10032 max file descriptors.
1086:M 21 Jun 15:42:14.457 # Server can't set maximum open files to 10032 because of OS error: Operation not permitted.
1086:M 21 Jun 15:42:14.457 # Current maximum open files is 4096. maxclients has been reduced to 4064 to compensate for low ulimit. If you need higher maxclients increase 'ulimit -n'.
1086:M 21 Jun 15:42:14.460 * Running mode=standalone, port=11000.
1086:M 21 Jun 15:42:14.460 # WARNING: The TCP backlog setting of 511 cannot be enforced because /proc/sys/net/core/somaxconn is set to the lower value of 128.
1086:M 21 Jun 15:42:14.460 # Server initialized
1086:M 21 Jun 15:42:14.460 # WARNING overcommit_memory is set to 0! Background save may fail under low memory condition. To fix this issue add 'vm.overcommit_memory = 1' to /etc/sysctl.conf and then reboot or run the command 'sysctl vm.overcommit_memory=1' for this to take effect.
1086:M 21 Jun 15:42:14.460 # WARNING you have Transparent Huge Pages (THP) support enabled in your kernel. This will create latency and memory usage issues with Redis. To fix this issue run the command 'echo never > /sys/kernel/mm/transparent_hugepage/enabled' as root, and add it to your /etc/rc.local in order to retain the setting after a reboot. Redis must be restarted after THP is disabled.
1086:M 21 Jun 15:42:14.461 * Ready to accept connections
1086:signal-handler (1624270353) Received SIGTERM scheduling shutdown...
1086:M 21 Jun 10:12:34.001 # User requested shutdown...
1086:M 21 Jun 10:12:34.001 * Removing the pid file.
1086:M 21 Jun 10:12:34.001 # Redis is now ready to exit, bye bye...
1717:C 21 Jun 10:12:35.921 # oO0OoO0OoO0Oo Redis is starting oO0OoO0OoO0Oo
1717:C 21 Jun 10:12:35.921 # Redis version=4.0.9, bits=64, commit=00000000, modified=0, pid=1717, just started
1717:C 21 Jun 10:12:35.921 # Configuration loaded
1717:M 21 Jun 10:12:35.940 # You requested maxclients of 10000 requiring at least 10032 max file descriptors.
1717:M 21 Jun 10:12:35.941 # Server can't set maximum open files to 10032 because of OS error: Operation not permitted.
1717:M 21 Jun 10:12:35.941 # Current maximum open files is 4096. maxclients has been reduced to 4064 to compensate for low ulimit. If you need higher maxclients increase 'ulimit -n'.
1717:M 21 Jun 10:12:35.943 * Running mode=standalone, port=11000.
1717:M 21 Jun 10:12:35.943 # WARNING: The TCP backlog setting of 511 cannot be enforced because /proc/sys/net/core/somaxconn is set to the lower value of 128.
1717:M 21 Jun 10:12:35.943 # Server initialized
1717:M 21 Jun 10:12:35.955 # WARNING overcommit_memory is set to 0! Background save may fail under low memory condition. To fix this issue add 'vm.overcommit_memory = 1' to /etc/sysctl.conf and then reboot or run the command 'sysctl vm.overcommit_memory=1' for this to take effect.
1717:M 21 Jun 10:12:35.955 # WARNING you have Transparent Huge Pages (THP) support enabled in your kernel. This will create latency and memory usage issues with Redis. To fix this issue run the command 'echo never > /sys/kernel/mm/transparent_hugepage/enabled' as root, and add it to your /etc/rc.local in order to retain the setting after a reboot. Redis must be restarted after THP is disabled.
1717:M 21 Jun 10:12:35.956 * Ready to accept connections
1022:C 30 Jun 16:22:06.051 # oO0OoO0OoO0Oo Redis is starting oO0OoO0OoO0Oo
1022:C 30 Jun 16:22:06.052 # Redis version=4.0.9, bits=64, commit=00000000, modified=0, pid=1022, just started
1022:C 30 Jun 16:22:06.052 # Configuration loaded
1022:M 30 Jun 16:22:06.085 # You requested maxclients of 10000 requiring at least 10032 max file descriptors.
1022:M 30 Jun 16:22:06.086 # Server can't set maximum open files to 10032 because of OS error: Operation not permitted.
1022:M 30 Jun 16:22:06.086 # Current maximum open files is 4096. maxclients has been reduced to 4064 to compensate for low ulimit. If you need higher maxclients increase 'ulimit -n'.
1022:M 30 Jun 16:22:06.097 * Running mode=standalone, port=11000.
1022:M 30 Jun 16:22:06.097 # WARNING: The TCP backlog setting of 511 cannot be enforced because /proc/sys/net/core/somaxconn is set to the lower value of 128.
1022:M 30 Jun 16:22:06.097 # Server initialized
1022:M 30 Jun 16:22:06.097 # WARNING overcommit_memory is set to 0! Background save may fail under low memory condition. To fix this issue add 'vm.overcommit_memory = 1' to /etc/sysctl.conf and then reboot or run the command 'sysctl vm.overcommit_memory=1' for this to take effect.
1022:M 30 Jun 16:22:06.097 # WARNING you have Transparent Huge Pages (THP) support enabled in your kernel. This will create latency and memory usage issues with Redis. To fix this issue run the command 'echo never > /sys/kernel/mm/transparent_hugepage/enabled' as root, and add it to your /etc/rc.local in order to retain the setting after a reboot. Redis must be restarted after THP is disabled.
1022:M 30 Jun 16:22:06.097 * Ready to accept connections
1022:signal-handler (1625050344) Received SIGTERM scheduling shutdown...
1022:M 30 Jun 10:52:24.724 # User requested shutdown...
1022:M 30 Jun 10:52:24.724 * Removing the pid file.
1022:M 30 Jun 10:52:24.724 # Redis is now ready to exit, bye bye...
1648:C 30 Jun 10:52:26.939 # oO0OoO0OoO0Oo Redis is starting oO0OoO0OoO0Oo
1648:C 30 Jun 10:52:26.940 # Redis version=4.0.9, bits=64, commit=00000000, modified=0, pid=1648, just started
1648:C 30 Jun 10:52:26.940 # Configuration loaded
1648:M 30 Jun 10:52:26.944 # You requested maxclients of 10000 requiring at least 10032 max file descriptors.
1648:M 30 Jun 10:52:26.960 # Server can't set maximum open files to 10032 because of OS error: Operation not permitted.
1648:M 30 Jun 10:52:26.961 # Current maximum open files is 4096. maxclients has been reduced to 4064 to compensate for low ulimit. If you need higher maxclients increase 'ulimit -n'.
1648:M 30 Jun 10:52:26.963 * Running mode=standalone, port=11000.
1648:M 30 Jun 10:52:26.971 # WARNING: The TCP backlog setting of 511 cannot be enforced because /proc/sys/net/core/somaxconn is set to the lower value of 128.
1648:M 30 Jun 10:52:26.972 # Server initialized
1648:M 30 Jun 10:52:26.973 # WARNING overcommit_memory is set to 0! Background save may fail under low memory condition. To fix this issue add 'vm.overcommit_memory = 1' to /etc/sysctl.conf and then reboot or run the command 'sysctl vm.overcommit_memory=1' for this to take effect.
1648:M 30 Jun 10:52:26.973 # WARNING you have Transparent Huge Pages (THP) support enabled in your kernel. This will create latency and memory usage issues with Redis. To fix this issue run the command 'echo never > /sys/kernel/mm/transparent_hugepage/enabled' as root, and add it to your /etc/rc.local in order to retain the setting after a reboot. Redis must be restarted after THP is disabled.
1648:M 30 Jun 10:52:26.973 * Ready to accept connections
