21573:C 15 Jan 12:28:59.625 # oO0OoO0OoO0Oo Redis is starting oO0OoO0OoO0Oo
21573:C 15 Jan 12:28:59.625 # Redis version=4.0.9, bits=64, commit=00000000, modified=0, pid=21573, just started
21573:C 15 Jan 12:28:59.625 # Configuration loaded
21573:M 15 Jan 12:28:59.625 # You requested maxclients of 10000 requiring at least 10032 max file descriptors.
21573:M 15 Jan 12:28:59.625 # Server can't set maximum open files to 10032 because of OS error: Operation not permitted.
21573:M 15 Jan 12:28:59.625 # Current maximum open files is 4096. maxclients has been reduced to 4064 to compensate for low ulimit. If you need higher maxclients increase 'ulimit -n'.
21573:M 15 Jan 12:28:59.626 * Running mode=standalone, port=12000.
21573:M 15 Jan 12:28:59.626 # WARNING: The TCP backlog setting of 511 cannot be enforced because /proc/sys/net/core/somaxconn is set to the lower value of 128.
21573:M 15 Jan 12:28:59.626 # Server initialized
21573:M 15 Jan 12:28:59.626 # WARNING overcommit_memory is set to 0! Background save may fail under low memory condition. To fix this issue add 'vm.overcommit_memory = 1' to /etc/sysctl.conf and then reboot or run the command 'sysctl vm.overcommit_memory=1' for this to take effect.
21573:M 15 Jan 12:28:59.626 # WARNING you have Transparent Huge Pages (THP) support enabled in your kernel. This will create latency and memory usage issues with Redis. To fix this issue run the command 'echo never > /sys/kernel/mm/transparent_hugepage/enabled' as root, and add it to your /etc/rc.local in order to retain the setting after a reboot. Redis must be restarted after THP is disabled.
21573:M 15 Jan 12:28:59.626 * Ready to accept connections
21573:signal-handler (1610714374) Received SIGTERM scheduling shutdown...
21573:M 15 Jan 12:39:34.459 # User requested shutdown...
21573:M 15 Jan 12:39:34.459 * Removing the pid file.
21573:M 15 Jan 12:39:34.459 # Redis is now ready to exit, bye bye...
1217:C 01 Mar 12:21:16.018 # oO0OoO0OoO0Oo Redis is starting oO0OoO0OoO0Oo
1217:C 01 Mar 12:21:16.018 # Redis version=4.0.9, bits=64, commit=00000000, modified=0, pid=1217, just started
1217:C 01 Mar 12:21:16.018 # Configuration loaded
1217:M 01 Mar 12:21:16.024 # You requested maxclients of 10000 requiring at least 10032 max file descriptors.
1217:M 01 Mar 12:21:16.024 # Server can't set maximum open files to 10032 because of OS error: Operation not permitted.
1217:M 01 Mar 12:21:16.024 # Current maximum open files is 4096. maxclients has been reduced to 4064 to compensate for low ulimit. If you need higher maxclients increase 'ulimit -n'.
1217:M 01 Mar 12:21:16.519 * Running mode=standalone, port=12000.
1217:M 01 Mar 12:21:16.519 # WARNING: The TCP backlog setting of 511 cannot be enforced because /proc/sys/net/core/somaxconn is set to the lower value of 128.
1217:M 01 Mar 12:21:16.519 # Server initialized
1217:M 01 Mar 12:21:16.519 # WARNING overcommit_memory is set to 0! Background save may fail under low memory condition. To fix this issue add 'vm.overcommit_memory = 1' to /etc/sysctl.conf and then reboot or run the command 'sysctl vm.overcommit_memory=1' for this to take effect.
1217:M 01 Mar 12:21:16.519 # WARNING you have Transparent Huge Pages (THP) support enabled in your kernel. This will create latency and memory usage issues with Redis. To fix this issue run the command 'echo never > /sys/kernel/mm/transparent_hugepage/enabled' as root, and add it to your /etc/rc.local in order to retain the setting after a reboot. Redis must be restarted after THP is disabled.
1217:M 01 Mar 12:21:16.520 * Ready to accept connections
1217:signal-handler (1614581495) Received SIGTERM scheduling shutdown...
1217:M 01 Mar 06:51:35.199 # User requested shutdown...
1217:M 01 Mar 06:51:35.199 * Removing the pid file.
1217:M 01 Mar 06:51:35.199 # Redis is now ready to exit, bye bye...
1974:C 01 Mar 06:51:37.418 # oO0OoO0OoO0Oo Redis is starting oO0OoO0OoO0Oo
1974:C 01 Mar 06:51:37.418 # Redis version=4.0.9, bits=64, commit=00000000, modified=0, pid=1974, just started
1974:C 01 Mar 06:51:37.418 # Configuration loaded
1974:M 01 Mar 06:51:37.426 # You requested maxclients of 10000 requiring at least 10032 max file descriptors.
1974:M 01 Mar 06:51:37.426 # Server can't set maximum open files to 10032 because of OS error: Operation not permitted.
1974:M 01 Mar 06:51:37.426 # Current maximum open files is 4096. maxclients has been reduced to 4064 to compensate for low ulimit. If you need higher maxclients increase 'ulimit -n'.
1974:M 01 Mar 06:51:37.427 * Running mode=standalone, port=12000.
1974:M 01 Mar 06:51:37.427 # WARNING: The TCP backlog setting of 511 cannot be enforced because /proc/sys/net/core/somaxconn is set to the lower value of 128.
1974:M 01 Mar 06:51:37.427 # Server initialized
1974:M 01 Mar 06:51:37.427 # WARNING overcommit_memory is set to 0! Background save may fail under low memory condition. To fix this issue add 'vm.overcommit_memory = 1' to /etc/sysctl.conf and then reboot or run the command 'sysctl vm.overcommit_memory=1' for this to take effect.
1974:M 01 Mar 06:51:37.427 # WARNING you have Transparent Huge Pages (THP) support enabled in your kernel. This will create latency and memory usage issues with Redis. To fix this issue run the command 'echo never > /sys/kernel/mm/transparent_hugepage/enabled' as root, and add it to your /etc/rc.local in order to retain the setting after a reboot. Redis must be restarted after THP is disabled.
1974:M 01 Mar 06:51:37.427 * Ready to accept connections
1069:C 04 Mar 10:18:03.627 # oO0OoO0OoO0Oo Redis is starting oO0OoO0OoO0Oo
1069:C 04 Mar 10:18:03.627 # Redis version=4.0.9, bits=64, commit=00000000, modified=0, pid=1069, just started
1069:C 04 Mar 10:18:03.627 # Configuration loaded
1069:M 04 Mar 10:18:03.631 # You requested maxclients of 10000 requiring at least 10032 max file descriptors.
1069:M 04 Mar 10:18:03.631 # Server can't set maximum open files to 10032 because of OS error: Operation not permitted.
1069:M 04 Mar 10:18:03.631 # Current maximum open files is 4096. maxclients has been reduced to 4064 to compensate for low ulimit. If you need higher maxclients increase 'ulimit -n'.
1069:M 04 Mar 10:18:03.633 * Running mode=standalone, port=12000.
1069:M 04 Mar 10:18:03.633 # WARNING: The TCP backlog setting of 511 cannot be enforced because /proc/sys/net/core/somaxconn is set to the lower value of 128.
1069:M 04 Mar 10:18:03.633 # Server initialized
1069:M 04 Mar 10:18:03.633 # WARNING overcommit_memory is set to 0! Background save may fail under low memory condition. To fix this issue add 'vm.overcommit_memory = 1' to /etc/sysctl.conf and then reboot or run the command 'sysctl vm.overcommit_memory=1' for this to take effect.
1069:M 04 Mar 10:18:03.633 # WARNING you have Transparent Huge Pages (THP) support enabled in your kernel. This will create latency and memory usage issues with Redis. To fix this issue run the command 'echo never > /sys/kernel/mm/transparent_hugepage/enabled' as root, and add it to your /etc/rc.local in order to retain the setting after a reboot. Redis must be restarted after THP is disabled.
1069:M 04 Mar 10:18:03.633 * Ready to accept connections
1069:signal-handler (1614833303) Received SIGTERM scheduling shutdown...
1069:M 04 Mar 04:48:23.972 # User requested shutdown...
1069:M 04 Mar 04:48:23.972 * Removing the pid file.
1069:M 04 Mar 04:48:23.972 # Redis is now ready to exit, bye bye...
1945:C 04 Mar 04:48:26.161 # oO0OoO0OoO0Oo Redis is starting oO0OoO0OoO0Oo
1945:C 04 Mar 04:48:26.161 # Redis version=4.0.9, bits=64, commit=00000000, modified=0, pid=1945, just started
1945:C 04 Mar 04:48:26.161 # Configuration loaded
1945:M 04 Mar 04:48:26.205 # You requested maxclients of 10000 requiring at least 10032 max file descriptors.
1945:M 04 Mar 04:48:26.205 # Server can't set maximum open files to 10032 because of OS error: Operation not permitted.
1945:M 04 Mar 04:48:26.206 # Current maximum open files is 4096. maxclients has been reduced to 4064 to compensate for low ulimit. If you need higher maxclients increase 'ulimit -n'.
1945:M 04 Mar 04:48:26.210 * Running mode=standalone, port=12000.
1945:M 04 Mar 04:48:26.227 # WARNING: The TCP backlog setting of 511 cannot be enforced because /proc/sys/net/core/somaxconn is set to the lower value of 128.
1945:M 04 Mar 04:48:26.227 # Server initialized
1945:M 04 Mar 04:48:26.228 # WARNING overcommit_memory is set to 0! Background save may fail under low memory condition. To fix this issue add 'vm.overcommit_memory = 1' to /etc/sysctl.conf and then reboot or run the command 'sysctl vm.overcommit_memory=1' for this to take effect.
1945:M 04 Mar 04:48:26.228 # WARNING you have Transparent Huge Pages (THP) support enabled in your kernel. This will create latency and memory usage issues with Redis. To fix this issue run the command 'echo never > /sys/kernel/mm/transparent_hugepage/enabled' as root, and add it to your /etc/rc.local in order to retain the setting after a reboot. Redis must be restarted after THP is disabled.
1945:M 04 Mar 04:48:26.229 * Ready to accept connections
1107:C 06 Mar 12:13:35.397 # oO0OoO0OoO0Oo Redis is starting oO0OoO0OoO0Oo
1107:C 06 Mar 12:13:35.397 # Redis version=4.0.9, bits=64, commit=00000000, modified=0, pid=1107, just started
1107:C 06 Mar 12:13:35.397 # Configuration loaded
1107:M 06 Mar 12:13:35.401 # You requested maxclients of 10000 requiring at least 10032 max file descriptors.
1107:M 06 Mar 12:13:35.401 # Server can't set maximum open files to 10032 because of OS error: Operation not permitted.
1107:M 06 Mar 12:13:35.401 # Current maximum open files is 4096. maxclients has been reduced to 4064 to compensate for low ulimit. If you need higher maxclients increase 'ulimit -n'.
1107:M 06 Mar 12:13:35.405 * Running mode=standalone, port=12000.
1107:M 06 Mar 12:13:35.406 # WARNING: The TCP backlog setting of 511 cannot be enforced because /proc/sys/net/core/somaxconn is set to the lower value of 128.
1107:M 06 Mar 12:13:35.406 # Server initialized
1107:M 06 Mar 12:13:35.406 # WARNING overcommit_memory is set to 0! Background save may fail under low memory condition. To fix this issue add 'vm.overcommit_memory = 1' to /etc/sysctl.conf and then reboot or run the command 'sysctl vm.overcommit_memory=1' for this to take effect.
1107:M 06 Mar 12:13:35.406 # WARNING you have Transparent Huge Pages (THP) support enabled in your kernel. This will create latency and memory usage issues with Redis. To fix this issue run the command 'echo never > /sys/kernel/mm/transparent_hugepage/enabled' as root, and add it to your /etc/rc.local in order to retain the setting after a reboot. Redis must be restarted after THP is disabled.
1107:M 06 Mar 12:13:35.406 * Ready to accept connections
1107:signal-handler (1615013035) Received SIGTERM scheduling shutdown...
1107:M 06 Mar 06:43:55.565 # User requested shutdown...
1107:M 06 Mar 06:43:55.565 * Removing the pid file.
1107:M 06 Mar 06:43:55.567 # Redis is now ready to exit, bye bye...
1284:C 06 Mar 06:43:58.418 # oO0OoO0OoO0Oo Redis is starting oO0OoO0OoO0Oo
1284:C 06 Mar 06:43:58.436 # Redis version=4.0.9, bits=64, commit=00000000, modified=0, pid=1284, just started
1284:C 06 Mar 06:43:58.437 # Configuration loaded
1284:M 06 Mar 06:43:58.481 # You requested maxclients of 10000 requiring at least 10032 max file descriptors.
1284:M 06 Mar 06:43:58.488 # Server can't set maximum open files to 10032 because of OS error: Operation not permitted.
1284:M 06 Mar 06:43:58.489 # Current maximum open files is 4096. maxclients has been reduced to 4064 to compensate for low ulimit. If you need higher maxclients increase 'ulimit -n'.
1284:M 06 Mar 06:43:58.491 * Running mode=standalone, port=12000.
1284:M 06 Mar 06:43:58.494 # WARNING: The TCP backlog setting of 511 cannot be enforced because /proc/sys/net/core/somaxconn is set to the lower value of 128.
1284:M 06 Mar 06:43:58.494 # Server initialized
1284:M 06 Mar 06:43:58.495 # WARNING overcommit_memory is set to 0! Background save may fail under low memory condition. To fix this issue add 'vm.overcommit_memory = 1' to /etc/sysctl.conf and then reboot or run the command 'sysctl vm.overcommit_memory=1' for this to take effect.
1284:M 06 Mar 06:43:58.495 # WARNING you have Transparent Huge Pages (THP) support enabled in your kernel. This will create latency and memory usage issues with Redis. To fix this issue run the command 'echo never > /sys/kernel/mm/transparent_hugepage/enabled' as root, and add it to your /etc/rc.local in order to retain the setting after a reboot. Redis must be restarted after THP is disabled.
1284:M 06 Mar 06:43:58.498 * Ready to accept connections
1055:C 08 Mar 15:46:08.835 # oO0OoO0OoO0Oo Redis is starting oO0OoO0OoO0Oo
1055:C 08 Mar 15:46:08.835 # Redis version=4.0.9, bits=64, commit=00000000, modified=0, pid=1055, just started
1055:C 08 Mar 15:46:08.835 # Configuration loaded
1055:M 08 Mar 15:46:08.865 # You requested maxclients of 10000 requiring at least 10032 max file descriptors.
1055:M 08 Mar 15:46:08.865 # Server can't set maximum open files to 10032 because of OS error: Operation not permitted.
1055:M 08 Mar 15:46:08.865 # Current maximum open files is 4096. maxclients has been reduced to 4064 to compensate for low ulimit. If you need higher maxclients increase 'ulimit -n'.
1055:M 08 Mar 15:46:08.873 * Running mode=standalone, port=12000.
1055:M 08 Mar 15:46:08.873 # WARNING: The TCP backlog setting of 511 cannot be enforced because /proc/sys/net/core/somaxconn is set to the lower value of 128.
1055:M 08 Mar 15:46:08.873 # Server initialized
1055:M 08 Mar 15:46:08.873 # WARNING overcommit_memory is set to 0! Background save may fail under low memory condition. To fix this issue add 'vm.overcommit_memory = 1' to /etc/sysctl.conf and then reboot or run the command 'sysctl vm.overcommit_memory=1' for this to take effect.
1055:M 08 Mar 15:46:08.873 # WARNING you have Transparent Huge Pages (THP) support enabled in your kernel. This will create latency and memory usage issues with Redis. To fix this issue run the command 'echo never > /sys/kernel/mm/transparent_hugepage/enabled' as root, and add it to your /etc/rc.local in order to retain the setting after a reboot. Redis must be restarted after THP is disabled.
1055:M 08 Mar 15:46:08.875 * Ready to accept connections
1055:signal-handler (1615198588) Received SIGTERM scheduling shutdown...
1055:M 08 Mar 10:16:28.825 # User requested shutdown...
1055:M 08 Mar 10:16:28.825 * Removing the pid file.
1055:M 08 Mar 10:16:28.826 # Redis is now ready to exit, bye bye...
1787:C 08 Mar 10:16:32.022 # oO0OoO0OoO0Oo Redis is starting oO0OoO0OoO0Oo
1787:C 08 Mar 10:16:32.023 # Redis version=4.0.9, bits=64, commit=00000000, modified=0, pid=1787, just started
1787:C 08 Mar 10:16:32.023 # Configuration loaded
1787:M 08 Mar 10:16:32.041 # You requested maxclients of 10000 requiring at least 10032 max file descriptors.
1787:M 08 Mar 10:16:32.041 # Server can't set maximum open files to 10032 because of OS error: Operation not permitted.
1787:M 08 Mar 10:16:32.041 # Current maximum open files is 4096. maxclients has been reduced to 4064 to compensate for low ulimit. If you need higher maxclients increase 'ulimit -n'.
1787:M 08 Mar 10:16:32.042 * Running mode=standalone, port=12000.
1787:M 08 Mar 10:16:32.042 # WARNING: The TCP backlog setting of 511 cannot be enforced because /proc/sys/net/core/somaxconn is set to the lower value of 128.
1787:M 08 Mar 10:16:32.042 # Server initialized
1787:M 08 Mar 10:16:32.042 # WARNING overcommit_memory is set to 0! Background save may fail under low memory condition. To fix this issue add 'vm.overcommit_memory = 1' to /etc/sysctl.conf and then reboot or run the command 'sysctl vm.overcommit_memory=1' for this to take effect.
1787:M 08 Mar 10:16:32.042 # WARNING you have Transparent Huge Pages (THP) support enabled in your kernel. This will create latency and memory usage issues with Redis. To fix this issue run the command 'echo never > /sys/kernel/mm/transparent_hugepage/enabled' as root, and add it to your /etc/rc.local in order to retain the setting after a reboot. Redis must be restarted after THP is disabled.
1787:M 08 Mar 10:16:32.042 * Ready to accept connections
1075:C 08 Mar 18:10:13.759 # oO0OoO0OoO0Oo Redis is starting oO0OoO0OoO0Oo
1075:C 08 Mar 18:10:13.759 # Redis version=4.0.9, bits=64, commit=00000000, modified=0, pid=1075, just started
1075:C 08 Mar 18:10:13.759 # Configuration loaded
1075:M 08 Mar 18:10:13.763 # You requested maxclients of 10000 requiring at least 10032 max file descriptors.
1075:M 08 Mar 18:10:13.763 # Server can't set maximum open files to 10032 because of OS error: Operation not permitted.
1075:M 08 Mar 18:10:13.763 # Current maximum open files is 4096. maxclients has been reduced to 4064 to compensate for low ulimit. If you need higher maxclients increase 'ulimit -n'.
1075:M 08 Mar 18:10:13.772 * Running mode=standalone, port=12000.
1075:M 08 Mar 18:10:13.772 # WARNING: The TCP backlog setting of 511 cannot be enforced because /proc/sys/net/core/somaxconn is set to the lower value of 128.
1075:M 08 Mar 18:10:13.772 # Server initialized
1075:M 08 Mar 18:10:13.772 # WARNING overcommit_memory is set to 0! Background save may fail under low memory condition. To fix this issue add 'vm.overcommit_memory = 1' to /etc/sysctl.conf and then reboot or run the command 'sysctl vm.overcommit_memory=1' for this to take effect.
1075:M 08 Mar 18:10:13.772 # WARNING you have Transparent Huge Pages (THP) support enabled in your kernel. This will create latency and memory usage issues with Redis. To fix this issue run the command 'echo never > /sys/kernel/mm/transparent_hugepage/enabled' as root, and add it to your /etc/rc.local in order to retain the setting after a reboot. Redis must be restarted after THP is disabled.
1075:M 08 Mar 18:10:13.774 * Ready to accept connections
1075:signal-handler (1615207233) Received SIGTERM scheduling shutdown...
1075:M 08 Mar 12:40:33.492 # User requested shutdown...
1075:M 08 Mar 12:40:33.492 * Removing the pid file.
1075:M 08 Mar 12:40:33.493 # Redis is now ready to exit, bye bye...
1788:C 08 Mar 12:40:36.067 # oO0OoO0OoO0Oo Redis is starting oO0OoO0OoO0Oo
1788:C 08 Mar 12:40:36.095 # Redis version=4.0.9, bits=64, commit=00000000, modified=0, pid=1788, just started
1788:C 08 Mar 12:40:36.095 # Configuration loaded
1788:M 08 Mar 12:40:36.126 # You requested maxclients of 10000 requiring at least 10032 max file descriptors.
1788:M 08 Mar 12:40:36.127 # Server can't set maximum open files to 10032 because of OS error: Operation not permitted.
1788:M 08 Mar 12:40:36.127 # Current maximum open files is 4096. maxclients has been reduced to 4064 to compensate for low ulimit. If you need higher maxclients increase 'ulimit -n'.
1788:M 08 Mar 12:40:36.148 * Running mode=standalone, port=12000.
1788:M 08 Mar 12:40:36.149 # WARNING: The TCP backlog setting of 511 cannot be enforced because /proc/sys/net/core/somaxconn is set to the lower value of 128.
1788:M 08 Mar 12:40:36.149 # Server initialized
1788:M 08 Mar 12:40:36.150 # WARNING overcommit_memory is set to 0! Background save may fail under low memory condition. To fix this issue add 'vm.overcommit_memory = 1' to /etc/sysctl.conf and then reboot or run the command 'sysctl vm.overcommit_memory=1' for this to take effect.
1788:M 08 Mar 12:40:36.151 # WARNING you have Transparent Huge Pages (THP) support enabled in your kernel. This will create latency and memory usage issues with Redis. To fix this issue run the command 'echo never > /sys/kernel/mm/transparent_hugepage/enabled' as root, and add it to your /etc/rc.local in order to retain the setting after a reboot. Redis must be restarted after THP is disabled.
1788:M 08 Mar 12:40:36.204 * Ready to accept connections
1060:C 09 Mar 10:32:01.968 # oO0OoO0OoO0Oo Redis is starting oO0OoO0OoO0Oo
1060:C 09 Mar 10:32:01.968 # Redis version=4.0.9, bits=64, commit=00000000, modified=0, pid=1060, just started
1060:C 09 Mar 10:32:01.968 # Configuration loaded
1060:M 09 Mar 10:32:01.971 # You requested maxclients of 10000 requiring at least 10032 max file descriptors.
1060:M 09 Mar 10:32:01.971 # Server can't set maximum open files to 10032 because of OS error: Operation not permitted.
1060:M 09 Mar 10:32:01.971 # Current maximum open files is 4096. maxclients has been reduced to 4064 to compensate for low ulimit. If you need higher maxclients increase 'ulimit -n'.
1060:M 09 Mar 10:32:01.997 * Running mode=standalone, port=12000.
1060:M 09 Mar 10:32:01.997 # WARNING: The TCP backlog setting of 511 cannot be enforced because /proc/sys/net/core/somaxconn is set to the lower value of 128.
1060:M 09 Mar 10:32:01.997 # Server initialized
1060:M 09 Mar 10:32:01.997 # WARNING overcommit_memory is set to 0! Background save may fail under low memory condition. To fix this issue add 'vm.overcommit_memory = 1' to /etc/sysctl.conf and then reboot or run the command 'sysctl vm.overcommit_memory=1' for this to take effect.
1060:M 09 Mar 10:32:01.997 # WARNING you have Transparent Huge Pages (THP) support enabled in your kernel. This will create latency and memory usage issues with Redis. To fix this issue run the command 'echo never > /sys/kernel/mm/transparent_hugepage/enabled' as root, and add it to your /etc/rc.local in order to retain the setting after a reboot. Redis must be restarted after THP is disabled.
1060:M 09 Mar 10:32:01.997 * Ready to accept connections
1060:signal-handler (1615266141) Received SIGTERM scheduling shutdown...
1060:M 09 Mar 05:02:21.150 # User requested shutdown...
1060:M 09 Mar 05:02:21.150 * Removing the pid file.
1060:M 09 Mar 05:02:21.150 # Redis is now ready to exit, bye bye...
1796:C 09 Mar 05:02:24.401 # oO0OoO0OoO0Oo Redis is starting oO0OoO0OoO0Oo
1796:C 09 Mar 05:02:24.402 # Redis version=4.0.9, bits=64, commit=00000000, modified=0, pid=1796, just started
1796:C 09 Mar 05:02:24.402 # Configuration loaded
1796:M 09 Mar 05:02:24.488 # You requested maxclients of 10000 requiring at least 10032 max file descriptors.
1796:M 09 Mar 05:02:24.489 # Server can't set maximum open files to 10032 because of OS error: Operation not permitted.
1796:M 09 Mar 05:02:24.489 # Current maximum open files is 4096. maxclients has been reduced to 4064 to compensate for low ulimit. If you need higher maxclients increase 'ulimit -n'.
1796:M 09 Mar 05:02:24.492 * Running mode=standalone, port=12000.
1796:M 09 Mar 05:02:24.504 # WARNING: The TCP backlog setting of 511 cannot be enforced because /proc/sys/net/core/somaxconn is set to the lower value of 128.
1796:M 09 Mar 05:02:24.505 # Server initialized
1796:M 09 Mar 05:02:24.505 # WARNING overcommit_memory is set to 0! Background save may fail under low memory condition. To fix this issue add 'vm.overcommit_memory = 1' to /etc/sysctl.conf and then reboot or run the command 'sysctl vm.overcommit_memory=1' for this to take effect.
1796:M 09 Mar 05:02:24.506 # WARNING you have Transparent Huge Pages (THP) support enabled in your kernel. This will create latency and memory usage issues with Redis. To fix this issue run the command 'echo never > /sys/kernel/mm/transparent_hugepage/enabled' as root, and add it to your /etc/rc.local in order to retain the setting after a reboot. Redis must be restarted after THP is disabled.
1796:M 09 Mar 05:02:24.506 * Ready to accept connections
1065:C 09 Mar 11:29:25.654 # oO0OoO0OoO0Oo Redis is starting oO0OoO0OoO0Oo
1065:C 09 Mar 11:29:25.654 # Redis version=4.0.9, bits=64, commit=00000000, modified=0, pid=1065, just started
1065:C 09 Mar 11:29:25.654 # Configuration loaded
1065:M 09 Mar 11:29:25.785 # You requested maxclients of 10000 requiring at least 10032 max file descriptors.
1065:M 09 Mar 11:29:25.807 # Server can't set maximum open files to 10032 because of OS error: Operation not permitted.
1065:M 09 Mar 11:29:25.816 # Current maximum open files is 4096. maxclients has been reduced to 4064 to compensate for low ulimit. If you need higher maxclients increase 'ulimit -n'.
1065:M 09 Mar 11:29:26.640 * Running mode=standalone, port=12000.
1065:M 09 Mar 11:29:26.658 # WARNING: The TCP backlog setting of 511 cannot be enforced because /proc/sys/net/core/somaxconn is set to the lower value of 128.
1065:M 09 Mar 11:29:26.658 # Server initialized
1065:M 09 Mar 11:29:26.658 # WARNING overcommit_memory is set to 0! Background save may fail under low memory condition. To fix this issue add 'vm.overcommit_memory = 1' to /etc/sysctl.conf and then reboot or run the command 'sysctl vm.overcommit_memory=1' for this to take effect.
1065:M 09 Mar 11:29:26.658 # WARNING you have Transparent Huge Pages (THP) support enabled in your kernel. This will create latency and memory usage issues with Redis. To fix this issue run the command 'echo never > /sys/kernel/mm/transparent_hugepage/enabled' as root, and add it to your /etc/rc.local in order to retain the setting after a reboot. Redis must be restarted after THP is disabled.
1065:M 09 Mar 11:29:26.883 * Ready to accept connections
1065:signal-handler (1615269584) Received SIGTERM scheduling shutdown...
1065:M 09 Mar 05:59:45.024 # User requested shutdown...
1065:M 09 Mar 05:59:45.024 * Removing the pid file.
1065:M 09 Mar 05:59:45.692 # Redis is now ready to exit, bye bye...
1771:C 09 Mar 05:59:48.084 # oO0OoO0OoO0Oo Redis is starting oO0OoO0OoO0Oo
1771:C 09 Mar 05:59:48.096 # Redis version=4.0.9, bits=64, commit=00000000, modified=0, pid=1771, just started
1771:C 09 Mar 05:59:48.097 # Configuration loaded
1771:M 09 Mar 05:59:48.107 # You requested maxclients of 10000 requiring at least 10032 max file descriptors.
1771:M 09 Mar 05:59:48.118 # Server can't set maximum open files to 10032 because of OS error: Operation not permitted.
1771:M 09 Mar 05:59:48.119 # Current maximum open files is 4096. maxclients has been reduced to 4064 to compensate for low ulimit. If you need higher maxclients increase 'ulimit -n'.
1771:M 09 Mar 05:59:48.122 * Running mode=standalone, port=12000.
1771:M 09 Mar 05:59:48.123 # WARNING: The TCP backlog setting of 511 cannot be enforced because /proc/sys/net/core/somaxconn is set to the lower value of 128.
1771:M 09 Mar 05:59:48.123 # Server initialized
1771:M 09 Mar 05:59:48.124 # WARNING overcommit_memory is set to 0! Background save may fail under low memory condition. To fix this issue add 'vm.overcommit_memory = 1' to /etc/sysctl.conf and then reboot or run the command 'sysctl vm.overcommit_memory=1' for this to take effect.
1771:M 09 Mar 05:59:48.125 # WARNING you have Transparent Huge Pages (THP) support enabled in your kernel. This will create latency and memory usage issues with Redis. To fix this issue run the command 'echo never > /sys/kernel/mm/transparent_hugepage/enabled' as root, and add it to your /etc/rc.local in order to retain the setting after a reboot. Redis must be restarted after THP is disabled.
1771:M 09 Mar 05:59:48.125 * Ready to accept connections
1118:C 11 Mar 16:25:40.985 # oO0OoO0OoO0Oo Redis is starting oO0OoO0OoO0Oo
1118:C 11 Mar 16:25:40.985 # Redis version=4.0.9, bits=64, commit=00000000, modified=0, pid=1118, just started
1118:C 11 Mar 16:25:40.985 # Configuration loaded
1118:M 11 Mar 16:25:40.989 # You requested maxclients of 10000 requiring at least 10032 max file descriptors.
1118:M 11 Mar 16:25:40.989 # Server can't set maximum open files to 10032 because of OS error: Operation not permitted.
1118:M 11 Mar 16:25:40.989 # Current maximum open files is 4096. maxclients has been reduced to 4064 to compensate for low ulimit. If you need higher maxclients increase 'ulimit -n'.
1118:M 11 Mar 16:25:41.014 * Running mode=standalone, port=12000.
1118:M 11 Mar 16:25:41.014 # WARNING: The TCP backlog setting of 511 cannot be enforced because /proc/sys/net/core/somaxconn is set to the lower value of 128.
1118:M 11 Mar 16:25:41.014 # Server initialized
1118:M 11 Mar 16:25:41.014 # WARNING overcommit_memory is set to 0! Background save may fail under low memory condition. To fix this issue add 'vm.overcommit_memory = 1' to /etc/sysctl.conf and then reboot or run the command 'sysctl vm.overcommit_memory=1' for this to take effect.
1118:M 11 Mar 16:25:41.014 # WARNING you have Transparent Huge Pages (THP) support enabled in your kernel. This will create latency and memory usage issues with Redis. To fix this issue run the command 'echo never > /sys/kernel/mm/transparent_hugepage/enabled' as root, and add it to your /etc/rc.local in order to retain the setting after a reboot. Redis must be restarted after THP is disabled.
1118:M 11 Mar 16:25:41.014 * Ready to accept connections
1118:signal-handler (1615460161) Received SIGTERM scheduling shutdown...
1118:M 11 Mar 10:56:01.566 # User requested shutdown...
1118:M 11 Mar 10:56:01.566 * Removing the pid file.
1118:M 11 Mar 10:56:01.599 # Redis is now ready to exit, bye bye...
1714:C 11 Mar 10:56:05.464 # oO0OoO0OoO0Oo Redis is starting oO0OoO0OoO0Oo
1714:C 11 Mar 10:56:05.464 # Redis version=4.0.9, bits=64, commit=00000000, modified=0, pid=1714, just started
1714:C 11 Mar 10:56:05.464 # Configuration loaded
1714:M 11 Mar 10:56:05.497 # You requested maxclients of 10000 requiring at least 10032 max file descriptors.
1714:M 11 Mar 10:56:05.497 # Server can't set maximum open files to 10032 because of OS error: Operation not permitted.
1714:M 11 Mar 10:56:05.497 # Current maximum open files is 4096. maxclients has been reduced to 4064 to compensate for low ulimit. If you need higher maxclients increase 'ulimit -n'.
1714:M 11 Mar 10:56:05.499 * Running mode=standalone, port=12000.
1714:M 11 Mar 10:56:05.499 # WARNING: The TCP backlog setting of 511 cannot be enforced because /proc/sys/net/core/somaxconn is set to the lower value of 128.
1714:M 11 Mar 10:56:05.499 # Server initialized
1714:M 11 Mar 10:56:05.499 # WARNING overcommit_memory is set to 0! Background save may fail under low memory condition. To fix this issue add 'vm.overcommit_memory = 1' to /etc/sysctl.conf and then reboot or run the command 'sysctl vm.overcommit_memory=1' for this to take effect.
1714:M 11 Mar 10:56:05.499 # WARNING you have Transparent Huge Pages (THP) support enabled in your kernel. This will create latency and memory usage issues with Redis. To fix this issue run the command 'echo never > /sys/kernel/mm/transparent_hugepage/enabled' as root, and add it to your /etc/rc.local in order to retain the setting after a reboot. Redis must be restarted after THP is disabled.
1714:M 11 Mar 10:56:05.499 * Ready to accept connections
1108:C 17 Mar 15:59:57.344 # oO0OoO0OoO0Oo Redis is starting oO0OoO0OoO0Oo
1108:C 17 Mar 15:59:57.344 # Redis version=4.0.9, bits=64, commit=00000000, modified=0, pid=1108, just started
1108:C 17 Mar 15:59:57.344 # Configuration loaded
1108:M 17 Mar 15:59:57.347 # You requested maxclients of 10000 requiring at least 10032 max file descriptors.
1108:M 17 Mar 15:59:57.347 # Server can't set maximum open files to 10032 because of OS error: Operation not permitted.
1108:M 17 Mar 15:59:57.347 # Current maximum open files is 4096. maxclients has been reduced to 4064 to compensate for low ulimit. If you need higher maxclients increase 'ulimit -n'.
1108:M 17 Mar 15:59:57.349 * Running mode=standalone, port=12000.
1108:M 17 Mar 15:59:57.349 # WARNING: The TCP backlog setting of 511 cannot be enforced because /proc/sys/net/core/somaxconn is set to the lower value of 128.
1108:M 17 Mar 15:59:57.349 # Server initialized
1108:M 17 Mar 15:59:57.349 # WARNING overcommit_memory is set to 0! Background save may fail under low memory condition. To fix this issue add 'vm.overcommit_memory = 1' to /etc/sysctl.conf and then reboot or run the command 'sysctl vm.overcommit_memory=1' for this to take effect.
1108:M 17 Mar 15:59:57.349 # WARNING you have Transparent Huge Pages (THP) support enabled in your kernel. This will create latency and memory usage issues with Redis. To fix this issue run the command 'echo never > /sys/kernel/mm/transparent_hugepage/enabled' as root, and add it to your /etc/rc.local in order to retain the setting after a reboot. Redis must be restarted after THP is disabled.
1108:M 17 Mar 15:59:57.349 * Ready to accept connections
1108:signal-handler (1615977017) Received SIGTERM scheduling shutdown...
1108:M 17 Mar 10:30:17.527 # User requested shutdown...
1108:M 17 Mar 10:30:17.527 * Removing the pid file.
1108:M 17 Mar 10:30:17.531 # Redis is now ready to exit, bye bye...
1811:C 17 Mar 10:30:21.801 # oO0OoO0OoO0Oo Redis is starting oO0OoO0OoO0Oo
1811:C 17 Mar 10:30:21.801 # Redis version=4.0.9, bits=64, commit=00000000, modified=0, pid=1811, just started
1811:C 17 Mar 10:30:21.803 # Configuration loaded
1811:M 17 Mar 10:30:21.848 # You requested maxclients of 10000 requiring at least 10032 max file descriptors.
1811:M 17 Mar 10:30:21.848 # Server can't set maximum open files to 10032 because of OS error: Operation not permitted.
1811:M 17 Mar 10:30:21.848 # Current maximum open files is 4096. maxclients has been reduced to 4064 to compensate for low ulimit. If you need higher maxclients increase 'ulimit -n'.
1811:M 17 Mar 10:30:21.864 * Running mode=standalone, port=12000.
1811:M 17 Mar 10:30:21.865 # WARNING: The TCP backlog setting of 511 cannot be enforced because /proc/sys/net/core/somaxconn is set to the lower value of 128.
1811:M 17 Mar 10:30:21.865 # Server initialized
1811:M 17 Mar 10:30:21.865 # WARNING overcommit_memory is set to 0! Background save may fail under low memory condition. To fix this issue add 'vm.overcommit_memory = 1' to /etc/sysctl.conf and then reboot or run the command 'sysctl vm.overcommit_memory=1' for this to take effect.
1811:M 17 Mar 10:30:21.865 # WARNING you have Transparent Huge Pages (THP) support enabled in your kernel. This will create latency and memory usage issues with Redis. To fix this issue run the command 'echo never > /sys/kernel/mm/transparent_hugepage/enabled' as root, and add it to your /etc/rc.local in order to retain the setting after a reboot. Redis must be restarted after THP is disabled.
1811:M 17 Mar 10:30:21.869 * Ready to accept connections
1100:C 17 Mar 16:43:14.455 # oO0OoO0OoO0Oo Redis is starting oO0OoO0OoO0Oo
1100:C 17 Mar 16:43:14.455 # Redis version=4.0.9, bits=64, commit=00000000, modified=0, pid=1100, just started
1100:C 17 Mar 16:43:14.455 # Configuration loaded
1100:M 17 Mar 16:43:14.460 # You requested maxclients of 10000 requiring at least 10032 max file descriptors.
1100:M 17 Mar 16:43:14.460 # Server can't set maximum open files to 10032 because of OS error: Operation not permitted.
1100:M 17 Mar 16:43:14.460 # Current maximum open files is 4096. maxclients has been reduced to 4064 to compensate for low ulimit. If you need higher maxclients increase 'ulimit -n'.
1100:M 17 Mar 16:43:14.467 * Running mode=standalone, port=12000.
1100:M 17 Mar 16:43:14.467 # WARNING: The TCP backlog setting of 511 cannot be enforced because /proc/sys/net/core/somaxconn is set to the lower value of 128.
1100:M 17 Mar 16:43:14.467 # Server initialized
1100:M 17 Mar 16:43:14.467 # WARNING overcommit_memory is set to 0! Background save may fail under low memory condition. To fix this issue add 'vm.overcommit_memory = 1' to /etc/sysctl.conf and then reboot or run the command 'sysctl vm.overcommit_memory=1' for this to take effect.
1100:M 17 Mar 16:43:14.467 # WARNING you have Transparent Huge Pages (THP) support enabled in your kernel. This will create latency and memory usage issues with Redis. To fix this issue run the command 'echo never > /sys/kernel/mm/transparent_hugepage/enabled' as root, and add it to your /etc/rc.local in order to retain the setting after a reboot. Redis must be restarted after THP is disabled.
1100:M 17 Mar 16:43:14.467 * Ready to accept connections
1100:signal-handler (1615979613) Received SIGTERM scheduling shutdown...
1100:M 17 Mar 11:13:33.240 # User requested shutdown...
1100:M 17 Mar 11:13:33.240 * Removing the pid file.
1100:M 17 Mar 11:13:33.241 # Redis is now ready to exit, bye bye...
1760:C 17 Mar 11:13:36.611 # oO0OoO0OoO0Oo Redis is starting oO0OoO0OoO0Oo
1760:C 17 Mar 11:13:36.611 # Redis version=4.0.9, bits=64, commit=00000000, modified=0, pid=1760, just started
1760:C 17 Mar 11:13:36.611 # Configuration loaded
1760:M 17 Mar 11:13:36.622 # You requested maxclients of 10000 requiring at least 10032 max file descriptors.
1760:M 17 Mar 11:13:36.622 # Server can't set maximum open files to 10032 because of OS error: Operation not permitted.
1760:M 17 Mar 11:13:36.622 # Current maximum open files is 4096. maxclients has been reduced to 4064 to compensate for low ulimit. If you need higher maxclients increase 'ulimit -n'.
1760:M 17 Mar 11:13:36.623 * Running mode=standalone, port=12000.
1760:M 17 Mar 11:13:36.623 # WARNING: The TCP backlog setting of 511 cannot be enforced because /proc/sys/net/core/somaxconn is set to the lower value of 128.
1760:M 17 Mar 11:13:36.623 # Server initialized
1760:M 17 Mar 11:13:36.623 # WARNING overcommit_memory is set to 0! Background save may fail under low memory condition. To fix this issue add 'vm.overcommit_memory = 1' to /etc/sysctl.conf and then reboot or run the command 'sysctl vm.overcommit_memory=1' for this to take effect.
1760:M 17 Mar 11:13:36.623 # WARNING you have Transparent Huge Pages (THP) support enabled in your kernel. This will create latency and memory usage issues with Redis. To fix this issue run the command 'echo never > /sys/kernel/mm/transparent_hugepage/enabled' as root, and add it to your /etc/rc.local in order to retain the setting after a reboot. Redis must be restarted after THP is disabled.
1760:M 17 Mar 11:13:36.623 * Ready to accept connections
1059:C 17 Mar 16:47:14.655 # oO0OoO0OoO0Oo Redis is starting oO0OoO0OoO0Oo
1059:C 17 Mar 16:47:14.655 # Redis version=4.0.9, bits=64, commit=00000000, modified=0, pid=1059, just started
1059:C 17 Mar 16:47:14.655 # Configuration loaded
1059:M 17 Mar 16:47:14.667 # You requested maxclients of 10000 requiring at least 10032 max file descriptors.
1059:M 17 Mar 16:47:14.667 # Server can't set maximum open files to 10032 because of OS error: Operation not permitted.
1059:M 17 Mar 16:47:14.667 # Current maximum open files is 4096. maxclients has been reduced to 4064 to compensate for low ulimit. If you need higher maxclients increase 'ulimit -n'.
1059:M 17 Mar 16:47:14.675 * Running mode=standalone, port=12000.
1059:M 17 Mar 16:47:14.675 # WARNING: The TCP backlog setting of 511 cannot be enforced because /proc/sys/net/core/somaxconn is set to the lower value of 128.
1059:M 17 Mar 16:47:14.675 # Server initialized
1059:M 17 Mar 16:47:14.675 # WARNING overcommit_memory is set to 0! Background save may fail under low memory condition. To fix this issue add 'vm.overcommit_memory = 1' to /etc/sysctl.conf and then reboot or run the command 'sysctl vm.overcommit_memory=1' for this to take effect.
1059:M 17 Mar 16:47:14.675 # WARNING you have Transparent Huge Pages (THP) support enabled in your kernel. This will create latency and memory usage issues with Redis. To fix this issue run the command 'echo never > /sys/kernel/mm/transparent_hugepage/enabled' as root, and add it to your /etc/rc.local in order to retain the setting after a reboot. Redis must be restarted after THP is disabled.
1059:M 17 Mar 16:47:14.730 * Ready to accept connections
1059:signal-handler (1615979854) Received SIGTERM scheduling shutdown...
1059:M 17 Mar 11:17:34.364 # User requested shutdown...
1059:M 17 Mar 11:17:34.364 * Removing the pid file.
1059:M 17 Mar 11:17:34.370 # Redis is now ready to exit, bye bye...
1780:C 17 Mar 11:17:37.609 # oO0OoO0OoO0Oo Redis is starting oO0OoO0OoO0Oo
1780:C 17 Mar 11:17:37.632 # Redis version=4.0.9, bits=64, commit=00000000, modified=0, pid=1780, just started
1780:C 17 Mar 11:17:37.632 # Configuration loaded
1780:M 17 Mar 11:17:37.640 # You requested maxclients of 10000 requiring at least 10032 max file descriptors.
1780:M 17 Mar 11:17:37.644 # Server can't set maximum open files to 10032 because of OS error: Operation not permitted.
1780:M 17 Mar 11:17:37.645 # Current maximum open files is 4096. maxclients has been reduced to 4064 to compensate for low ulimit. If you need higher maxclients increase 'ulimit -n'.
1780:M 17 Mar 11:17:37.646 * Running mode=standalone, port=12000.
1780:M 17 Mar 11:17:37.652 # WARNING: The TCP backlog setting of 511 cannot be enforced because /proc/sys/net/core/somaxconn is set to the lower value of 128.
1780:M 17 Mar 11:17:37.652 # Server initialized
1780:M 17 Mar 11:17:37.653 # WARNING overcommit_memory is set to 0! Background save may fail under low memory condition. To fix this issue add 'vm.overcommit_memory = 1' to /etc/sysctl.conf and then reboot or run the command 'sysctl vm.overcommit_memory=1' for this to take effect.
1780:M 17 Mar 11:17:37.653 # WARNING you have Transparent Huge Pages (THP) support enabled in your kernel. This will create latency and memory usage issues with Redis. To fix this issue run the command 'echo never > /sys/kernel/mm/transparent_hugepage/enabled' as root, and add it to your /etc/rc.local in order to retain the setting after a reboot. Redis must be restarted after THP is disabled.
1780:M 17 Mar 11:17:37.654 * Ready to accept connections
1059:C 23 Mar 10:10:24.497 # oO0OoO0OoO0Oo Redis is starting oO0OoO0OoO0Oo
1059:C 23 Mar 10:10:24.497 # Redis version=4.0.9, bits=64, commit=00000000, modified=0, pid=1059, just started
1059:C 23 Mar 10:10:24.497 # Configuration loaded
1059:M 23 Mar 10:10:24.508 # You requested maxclients of 10000 requiring at least 10032 max file descriptors.
1059:M 23 Mar 10:10:24.508 # Server can't set maximum open files to 10032 because of OS error: Operation not permitted.
1059:M 23 Mar 10:10:24.508 # Current maximum open files is 4096. maxclients has been reduced to 4064 to compensate for low ulimit. If you need higher maxclients increase 'ulimit -n'.
1059:M 23 Mar 10:10:24.510 * Running mode=standalone, port=12000.
1059:M 23 Mar 10:10:24.510 # WARNING: The TCP backlog setting of 511 cannot be enforced because /proc/sys/net/core/somaxconn is set to the lower value of 128.
1059:M 23 Mar 10:10:24.511 # Server initialized
1059:M 23 Mar 10:10:24.511 # WARNING overcommit_memory is set to 0! Background save may fail under low memory condition. To fix this issue add 'vm.overcommit_memory = 1' to /etc/sysctl.conf and then reboot or run the command 'sysctl vm.overcommit_memory=1' for this to take effect.
1059:M 23 Mar 10:10:24.511 # WARNING you have Transparent Huge Pages (THP) support enabled in your kernel. This will create latency and memory usage issues with Redis. To fix this issue run the command 'echo never > /sys/kernel/mm/transparent_hugepage/enabled' as root, and add it to your /etc/rc.local in order to retain the setting after a reboot. Redis must be restarted after THP is disabled.
1059:M 23 Mar 10:10:24.511 * Ready to accept connections
1059:signal-handler (1616474443) Received SIGTERM scheduling shutdown...
1059:M 23 Mar 04:40:43.696 # User requested shutdown...
1059:M 23 Mar 04:40:43.696 * Removing the pid file.
1059:M 23 Mar 04:40:43.696 # Redis is now ready to exit, bye bye...
1787:C 23 Mar 04:40:45.579 # oO0OoO0OoO0Oo Redis is starting oO0OoO0OoO0Oo
1787:C 23 Mar 04:40:45.591 # Redis version=4.0.9, bits=64, commit=00000000, modified=0, pid=1787, just started
1787:C 23 Mar 04:40:45.591 # Configuration loaded
1787:M 23 Mar 04:40:45.595 # You requested maxclients of 10000 requiring at least 10032 max file descriptors.
1787:M 23 Mar 04:40:45.608 # Server can't set maximum open files to 10032 because of OS error: Operation not permitted.
1787:M 23 Mar 04:40:45.608 # Current maximum open files is 4096. maxclients has been reduced to 4064 to compensate for low ulimit. If you need higher maxclients increase 'ulimit -n'.
1787:M 23 Mar 04:40:45.610 * Running mode=standalone, port=12000.
1787:M 23 Mar 04:40:45.611 # WARNING: The TCP backlog setting of 511 cannot be enforced because /proc/sys/net/core/somaxconn is set to the lower value of 128.
1787:M 23 Mar 04:40:45.612 # Server initialized
1787:M 23 Mar 04:40:45.612 # WARNING overcommit_memory is set to 0! Background save may fail under low memory condition. To fix this issue add 'vm.overcommit_memory = 1' to /etc/sysctl.conf and then reboot or run the command 'sysctl vm.overcommit_memory=1' for this to take effect.
1787:M 23 Mar 04:40:45.613 # WARNING you have Transparent Huge Pages (THP) support enabled in your kernel. This will create latency and memory usage issues with Redis. To fix this issue run the command 'echo never > /sys/kernel/mm/transparent_hugepage/enabled' as root, and add it to your /etc/rc.local in order to retain the setting after a reboot. Redis must be restarted after THP is disabled.
1787:M 23 Mar 04:40:45.613 * Ready to accept connections
1084:C 23 Mar 14:47:38.898 # oO0OoO0OoO0Oo Redis is starting oO0OoO0OoO0Oo
1084:C 23 Mar 14:47:38.898 # Redis version=4.0.9, bits=64, commit=00000000, modified=0, pid=1084, just started
1084:C 23 Mar 14:47:38.898 # Configuration loaded
1084:M 23 Mar 14:47:38.907 # You requested maxclients of 10000 requiring at least 10032 max file descriptors.
1084:M 23 Mar 14:47:38.907 # Server can't set maximum open files to 10032 because of OS error: Operation not permitted.
1084:M 23 Mar 14:47:38.907 # Current maximum open files is 4096. maxclients has been reduced to 4064 to compensate for low ulimit. If you need higher maxclients increase 'ulimit -n'.
1084:M 23 Mar 14:47:38.924 * Running mode=standalone, port=12000.
1084:M 23 Mar 14:47:38.924 # WARNING: The TCP backlog setting of 511 cannot be enforced because /proc/sys/net/core/somaxconn is set to the lower value of 128.
1084:M 23 Mar 14:47:38.924 # Server initialized
1084:M 23 Mar 14:47:38.924 # WARNING overcommit_memory is set to 0! Background save may fail under low memory condition. To fix this issue add 'vm.overcommit_memory = 1' to /etc/sysctl.conf and then reboot or run the command 'sysctl vm.overcommit_memory=1' for this to take effect.
1084:M 23 Mar 14:47:38.924 # WARNING you have Transparent Huge Pages (THP) support enabled in your kernel. This will create latency and memory usage issues with Redis. To fix this issue run the command 'echo never > /sys/kernel/mm/transparent_hugepage/enabled' as root, and add it to your /etc/rc.local in order to retain the setting after a reboot. Redis must be restarted after THP is disabled.
1084:M 23 Mar 14:47:38.924 * Ready to accept connections
1084:signal-handler (1616491078) Received SIGTERM scheduling shutdown...
1084:M 23 Mar 09:17:58.529 # User requested shutdown...
1084:M 23 Mar 09:17:58.529 * Removing the pid file.
1084:M 23 Mar 09:17:58.532 # Redis is now ready to exit, bye bye...
1746:C 23 Mar 09:18:01.009 # oO0OoO0OoO0Oo Redis is starting oO0OoO0OoO0Oo
1746:C 23 Mar 09:18:01.013 # Redis version=4.0.9, bits=64, commit=00000000, modified=0, pid=1746, just started
1746:C 23 Mar 09:18:01.013 # Configuration loaded
1746:M 23 Mar 09:18:01.023 # You requested maxclients of 10000 requiring at least 10032 max file descriptors.
1746:M 23 Mar 09:18:01.028 # Server can't set maximum open files to 10032 because of OS error: Operation not permitted.
1746:M 23 Mar 09:18:01.029 # Current maximum open files is 4096. maxclients has been reduced to 4064 to compensate for low ulimit. If you need higher maxclients increase 'ulimit -n'.
1746:M 23 Mar 09:18:01.031 * Running mode=standalone, port=12000.
1746:M 23 Mar 09:18:01.031 # WARNING: The TCP backlog setting of 511 cannot be enforced because /proc/sys/net/core/somaxconn is set to the lower value of 128.
1746:M 23 Mar 09:18:01.032 # Server initialized
1746:M 23 Mar 09:18:01.032 # WARNING overcommit_memory is set to 0! Background save may fail under low memory condition. To fix this issue add 'vm.overcommit_memory = 1' to /etc/sysctl.conf and then reboot or run the command 'sysctl vm.overcommit_memory=1' for this to take effect.
1746:M 23 Mar 09:18:01.033 # WARNING you have Transparent Huge Pages (THP) support enabled in your kernel. This will create latency and memory usage issues with Redis. To fix this issue run the command 'echo never > /sys/kernel/mm/transparent_hugepage/enabled' as root, and add it to your /etc/rc.local in order to retain the setting after a reboot. Redis must be restarted after THP is disabled.
1746:M 23 Mar 09:18:01.034 * Ready to accept connections
1090:C 25 Mar 10:32:58.857 # oO0OoO0OoO0Oo Redis is starting oO0OoO0OoO0Oo
1090:C 25 Mar 10:32:58.857 # Redis version=4.0.9, bits=64, commit=00000000, modified=0, pid=1090, just started
1090:C 25 Mar 10:32:58.857 # Configuration loaded
1090:M 25 Mar 10:32:58.861 # You requested maxclients of 10000 requiring at least 10032 max file descriptors.
1090:M 25 Mar 10:32:58.861 # Server can't set maximum open files to 10032 because of OS error: Operation not permitted.
1090:M 25 Mar 10:32:58.861 # Current maximum open files is 4096. maxclients has been reduced to 4064 to compensate for low ulimit. If you need higher maxclients increase 'ulimit -n'.
1090:M 25 Mar 10:32:58.895 * Running mode=standalone, port=12000.
1090:M 25 Mar 10:32:58.895 # WARNING: The TCP backlog setting of 511 cannot be enforced because /proc/sys/net/core/somaxconn is set to the lower value of 128.
1090:M 25 Mar 10:32:58.895 # Server initialized
1090:M 25 Mar 10:32:58.895 # WARNING overcommit_memory is set to 0! Background save may fail under low memory condition. To fix this issue add 'vm.overcommit_memory = 1' to /etc/sysctl.conf and then reboot or run the command 'sysctl vm.overcommit_memory=1' for this to take effect.
1090:M 25 Mar 10:32:58.896 # WARNING you have Transparent Huge Pages (THP) support enabled in your kernel. This will create latency and memory usage issues with Redis. To fix this issue run the command 'echo never > /sys/kernel/mm/transparent_hugepage/enabled' as root, and add it to your /etc/rc.local in order to retain the setting after a reboot. Redis must be restarted after THP is disabled.
1090:M 25 Mar 10:32:58.896 * Ready to accept connections
1090:signal-handler (1616648598) Received SIGTERM scheduling shutdown...
1090:M 25 Mar 05:03:18.602 # User requested shutdown...
1090:M 25 Mar 05:03:18.602 * Removing the pid file.
1090:M 25 Mar 05:03:18.603 # Redis is now ready to exit, bye bye...
1576:C 25 Mar 05:03:21.681 # oO0OoO0OoO0Oo Redis is starting oO0OoO0OoO0Oo
1576:C 25 Mar 05:03:21.699 # Redis version=4.0.9, bits=64, commit=00000000, modified=0, pid=1576, just started
1576:C 25 Mar 05:03:21.699 # Configuration loaded
1576:M 25 Mar 05:03:21.711 # You requested maxclients of 10000 requiring at least 10032 max file descriptors.
1576:M 25 Mar 05:03:21.711 # Server can't set maximum open files to 10032 because of OS error: Operation not permitted.
1576:M 25 Mar 05:03:21.712 # Current maximum open files is 4096. maxclients has been reduced to 4064 to compensate for low ulimit. If you need higher maxclients increase 'ulimit -n'.
1576:M 25 Mar 05:03:21.713 * Running mode=standalone, port=12000.
1576:M 25 Mar 05:03:21.714 # WARNING: The TCP backlog setting of 511 cannot be enforced because /proc/sys/net/core/somaxconn is set to the lower value of 128.
1576:M 25 Mar 05:03:21.714 # Server initialized
1576:M 25 Mar 05:03:21.715 # WARNING overcommit_memory is set to 0! Background save may fail under low memory condition. To fix this issue add 'vm.overcommit_memory = 1' to /etc/sysctl.conf and then reboot or run the command 'sysctl vm.overcommit_memory=1' for this to take effect.
1576:M 25 Mar 05:03:21.715 # WARNING you have Transparent Huge Pages (THP) support enabled in your kernel. This will create latency and memory usage issues with Redis. To fix this issue run the command 'echo never > /sys/kernel/mm/transparent_hugepage/enabled' as root, and add it to your /etc/rc.local in order to retain the setting after a reboot. Redis must be restarted after THP is disabled.
1576:M 25 Mar 05:03:21.716 * Ready to accept connections
1070:C 29 Mar 10:45:54.621 # oO0OoO0OoO0Oo Redis is starting oO0OoO0OoO0Oo
1070:C 29 Mar 10:45:54.621 # Redis version=4.0.9, bits=64, commit=00000000, modified=0, pid=1070, just started
1070:C 29 Mar 10:45:54.621 # Configuration loaded
1070:M 29 Mar 10:45:54.634 # You requested maxclients of 10000 requiring at least 10032 max file descriptors.
1070:M 29 Mar 10:45:54.634 # Server can't set maximum open files to 10032 because of OS error: Operation not permitted.
1070:M 29 Mar 10:45:54.634 # Current maximum open files is 4096. maxclients has been reduced to 4064 to compensate for low ulimit. If you need higher maxclients increase 'ulimit -n'.
1070:M 29 Mar 10:45:54.641 * Running mode=standalone, port=12000.
1070:M 29 Mar 10:45:54.641 # WARNING: The TCP backlog setting of 511 cannot be enforced because /proc/sys/net/core/somaxconn is set to the lower value of 128.
1070:M 29 Mar 10:45:54.641 # Server initialized
1070:M 29 Mar 10:45:54.641 # WARNING overcommit_memory is set to 0! Background save may fail under low memory condition. To fix this issue add 'vm.overcommit_memory = 1' to /etc/sysctl.conf and then reboot or run the command 'sysctl vm.overcommit_memory=1' for this to take effect.
1070:M 29 Mar 10:45:54.641 # WARNING you have Transparent Huge Pages (THP) support enabled in your kernel. This will create latency and memory usage issues with Redis. To fix this issue run the command 'echo never > /sys/kernel/mm/transparent_hugepage/enabled' as root, and add it to your /etc/rc.local in order to retain the setting after a reboot. Redis must be restarted after THP is disabled.
1070:M 29 Mar 10:45:54.641 * Ready to accept connections
1070:signal-handler (1616994974) Received SIGTERM scheduling shutdown...
1070:M 29 Mar 05:16:14.984 # User requested shutdown...
1070:M 29 Mar 05:16:14.984 * Removing the pid file.
1070:M 29 Mar 05:16:14.985 # Redis is now ready to exit, bye bye...
1742:C 29 Mar 05:16:18.080 # oO0OoO0OoO0Oo Redis is starting oO0OoO0OoO0Oo
1742:C 29 Mar 05:16:18.088 # Redis version=4.0.9, bits=64, commit=00000000, modified=0, pid=1742, just started
1742:C 29 Mar 05:16:18.088 # Configuration loaded
1742:M 29 Mar 05:16:18.101 # You requested maxclients of 10000 requiring at least 10032 max file descriptors.
1742:M 29 Mar 05:16:18.102 # Server can't set maximum open files to 10032 because of OS error: Operation not permitted.
1742:M 29 Mar 05:16:18.102 # Current maximum open files is 4096. maxclients has been reduced to 4064 to compensate for low ulimit. If you need higher maxclients increase 'ulimit -n'.
1742:M 29 Mar 05:16:18.104 * Running mode=standalone, port=12000.
1742:M 29 Mar 05:16:18.115 # WARNING: The TCP backlog setting of 511 cannot be enforced because /proc/sys/net/core/somaxconn is set to the lower value of 128.
1742:M 29 Mar 05:16:18.116 # Server initialized
1742:M 29 Mar 05:16:18.116 # WARNING overcommit_memory is set to 0! Background save may fail under low memory condition. To fix this issue add 'vm.overcommit_memory = 1' to /etc/sysctl.conf and then reboot or run the command 'sysctl vm.overcommit_memory=1' for this to take effect.
1742:M 29 Mar 05:16:18.116 # WARNING you have Transparent Huge Pages (THP) support enabled in your kernel. This will create latency and memory usage issues with Redis. To fix this issue run the command 'echo never > /sys/kernel/mm/transparent_hugepage/enabled' as root, and add it to your /etc/rc.local in order to retain the setting after a reboot. Redis must be restarted after THP is disabled.
1742:M 29 Mar 05:16:18.116 * Ready to accept connections
1094:C 30 Mar 10:07:18.305 # oO0OoO0OoO0Oo Redis is starting oO0OoO0OoO0Oo
1094:C 30 Mar 10:07:18.305 # Redis version=4.0.9, bits=64, commit=00000000, modified=0, pid=1094, just started
1094:C 30 Mar 10:07:18.305 # Configuration loaded
1094:M 30 Mar 10:07:18.313 # You requested maxclients of 10000 requiring at least 10032 max file descriptors.
1094:M 30 Mar 10:07:18.313 # Server can't set maximum open files to 10032 because of OS error: Operation not permitted.
1094:M 30 Mar 10:07:18.313 # Current maximum open files is 4096. maxclients has been reduced to 4064 to compensate for low ulimit. If you need higher maxclients increase 'ulimit -n'.
1094:M 30 Mar 10:07:18.314 * Running mode=standalone, port=12000.
1094:M 30 Mar 10:07:18.314 # WARNING: The TCP backlog setting of 511 cannot be enforced because /proc/sys/net/core/somaxconn is set to the lower value of 128.
1094:M 30 Mar 10:07:18.314 # Server initialized
1094:M 30 Mar 10:07:18.314 # WARNING overcommit_memory is set to 0! Background save may fail under low memory condition. To fix this issue add 'vm.overcommit_memory = 1' to /etc/sysctl.conf and then reboot or run the command 'sysctl vm.overcommit_memory=1' for this to take effect.
1094:M 30 Mar 10:07:18.314 # WARNING you have Transparent Huge Pages (THP) support enabled in your kernel. This will create latency and memory usage issues with Redis. To fix this issue run the command 'echo never > /sys/kernel/mm/transparent_hugepage/enabled' as root, and add it to your /etc/rc.local in order to retain the setting after a reboot. Redis must be restarted after THP is disabled.
1094:M 30 Mar 10:07:18.314 * Ready to accept connections
1094:signal-handler (1617079058) Received SIGTERM scheduling shutdown...
1094:M 30 Mar 04:37:38.159 # User requested shutdown...
1094:M 30 Mar 04:37:38.159 * Removing the pid file.
1094:M 30 Mar 04:37:38.159 # Redis is now ready to exit, bye bye...
1667:C 30 Mar 04:37:41.314 # oO0OoO0OoO0Oo Redis is starting oO0OoO0OoO0Oo
1667:C 30 Mar 04:37:41.314 # Redis version=4.0.9, bits=64, commit=00000000, modified=0, pid=1667, just started
1667:C 30 Mar 04:37:41.314 # Configuration loaded
1667:M 30 Mar 04:37:41.318 # You requested maxclients of 10000 requiring at least 10032 max file descriptors.
1667:M 30 Mar 04:37:41.318 # Server can't set maximum open files to 10032 because of OS error: Operation not permitted.
1667:M 30 Mar 04:37:41.318 # Current maximum open files is 4096. maxclients has been reduced to 4064 to compensate for low ulimit. If you need higher maxclients increase 'ulimit -n'.
1667:M 30 Mar 04:37:41.319 * Running mode=standalone, port=12000.
1667:M 30 Mar 04:37:41.319 # WARNING: The TCP backlog setting of 511 cannot be enforced because /proc/sys/net/core/somaxconn is set to the lower value of 128.
1667:M 30 Mar 04:37:41.319 # Server initialized
1667:M 30 Mar 04:37:41.319 # WARNING overcommit_memory is set to 0! Background save may fail under low memory condition. To fix this issue add 'vm.overcommit_memory = 1' to /etc/sysctl.conf and then reboot or run the command 'sysctl vm.overcommit_memory=1' for this to take effect.
1667:M 30 Mar 04:37:41.319 # WARNING you have Transparent Huge Pages (THP) support enabled in your kernel. This will create latency and memory usage issues with Redis. To fix this issue run the command 'echo never > /sys/kernel/mm/transparent_hugepage/enabled' as root, and add it to your /etc/rc.local in order to retain the setting after a reboot. Redis must be restarted after THP is disabled.
1667:M 30 Mar 04:37:41.319 * Ready to accept connections
1027:C 30 Mar 14:44:51.522 # oO0OoO0OoO0Oo Redis is starting oO0OoO0OoO0Oo
1027:C 30 Mar 14:44:51.522 # Redis version=4.0.9, bits=64, commit=00000000, modified=0, pid=1027, just started
1027:C 30 Mar 14:44:51.522 # Configuration loaded
1027:M 30 Mar 14:44:51.532 # You requested maxclients of 10000 requiring at least 10032 max file descriptors.
1027:M 30 Mar 14:44:51.532 # Server can't set maximum open files to 10032 because of OS error: Operation not permitted.
1027:M 30 Mar 14:44:51.532 # Current maximum open files is 4096. maxclients has been reduced to 4064 to compensate for low ulimit. If you need higher maxclients increase 'ulimit -n'.
1027:M 30 Mar 14:44:51.582 * Running mode=standalone, port=12000.
1027:M 30 Mar 14:44:51.582 # WARNING: The TCP backlog setting of 511 cannot be enforced because /proc/sys/net/core/somaxconn is set to the lower value of 128.
1027:M 30 Mar 14:44:51.582 # Server initialized
1027:M 30 Mar 14:44:51.583 # WARNING overcommit_memory is set to 0! Background save may fail under low memory condition. To fix this issue add 'vm.overcommit_memory = 1' to /etc/sysctl.conf and then reboot or run the command 'sysctl vm.overcommit_memory=1' for this to take effect.
1027:M 30 Mar 14:44:51.583 # WARNING you have Transparent Huge Pages (THP) support enabled in your kernel. This will create latency and memory usage issues with Redis. To fix this issue run the command 'echo never > /sys/kernel/mm/transparent_hugepage/enabled' as root, and add it to your /etc/rc.local in order to retain the setting after a reboot. Redis must be restarted after THP is disabled.
1027:M 30 Mar 14:44:51.583 * Ready to accept connections
1027:signal-handler (1617095711) Received SIGTERM scheduling shutdown...
1027:M 30 Mar 09:15:11.266 # User requested shutdown...
1027:M 30 Mar 09:15:11.267 * Removing the pid file.
1027:M 30 Mar 09:15:11.267 # Redis is now ready to exit, bye bye...
1753:C 30 Mar 09:15:13.288 # oO0OoO0OoO0Oo Redis is starting oO0OoO0OoO0Oo
1753:C 30 Mar 09:15:13.302 # Redis version=4.0.9, bits=64, commit=00000000, modified=0, pid=1753, just started
1753:C 30 Mar 09:15:13.316 # Configuration loaded
1753:M 30 Mar 09:15:13.348 # You requested maxclients of 10000 requiring at least 10032 max file descriptors.
1753:M 30 Mar 09:15:13.349 # Server can't set maximum open files to 10032 because of OS error: Operation not permitted.
1753:M 30 Mar 09:15:13.349 # Current maximum open files is 4096. maxclients has been reduced to 4064 to compensate for low ulimit. If you need higher maxclients increase 'ulimit -n'.
1753:M 30 Mar 09:15:13.351 * Running mode=standalone, port=12000.
1753:M 30 Mar 09:15:13.351 # WARNING: The TCP backlog setting of 511 cannot be enforced because /proc/sys/net/core/somaxconn is set to the lower value of 128.
1753:M 30 Mar 09:15:13.351 # Server initialized
1753:M 30 Mar 09:15:13.352 # WARNING overcommit_memory is set to 0! Background save may fail under low memory condition. To fix this issue add 'vm.overcommit_memory = 1' to /etc/sysctl.conf and then reboot or run the command 'sysctl vm.overcommit_memory=1' for this to take effect.
1753:M 30 Mar 09:15:13.352 # WARNING you have Transparent Huge Pages (THP) support enabled in your kernel. This will create latency and memory usage issues with Redis. To fix this issue run the command 'echo never > /sys/kernel/mm/transparent_hugepage/enabled' as root, and add it to your /etc/rc.local in order to retain the setting after a reboot. Redis must be restarted after THP is disabled.
1753:M 30 Mar 09:15:13.353 * Ready to accept connections
1157:C 30 Mar 16:15:34.742 # oO0OoO0OoO0Oo Redis is starting oO0OoO0OoO0Oo
1157:C 30 Mar 16:15:34.747 # Redis version=4.0.9, bits=64, commit=00000000, modified=0, pid=1157, just started
1157:C 30 Mar 16:15:34.747 # Configuration loaded
1157:M 30 Mar 16:15:34.761 # You requested maxclients of 10000 requiring at least 10032 max file descriptors.
1157:M 30 Mar 16:15:34.761 # Server can't set maximum open files to 10032 because of OS error: Operation not permitted.
1157:M 30 Mar 16:15:34.761 # Current maximum open files is 4096. maxclients has been reduced to 4064 to compensate for low ulimit. If you need higher maxclients increase 'ulimit -n'.
1157:M 30 Mar 16:15:34.871 * Running mode=standalone, port=12000.
1157:M 30 Mar 16:15:34.872 # WARNING: The TCP backlog setting of 511 cannot be enforced because /proc/sys/net/core/somaxconn is set to the lower value of 128.
1157:M 30 Mar 16:15:34.872 # Server initialized
1157:M 30 Mar 16:15:34.872 # WARNING overcommit_memory is set to 0! Background save may fail under low memory condition. To fix this issue add 'vm.overcommit_memory = 1' to /etc/sysctl.conf and then reboot or run the command 'sysctl vm.overcommit_memory=1' for this to take effect.
1157:M 30 Mar 16:15:34.872 # WARNING you have Transparent Huge Pages (THP) support enabled in your kernel. This will create latency and memory usage issues with Redis. To fix this issue run the command 'echo never > /sys/kernel/mm/transparent_hugepage/enabled' as root, and add it to your /etc/rc.local in order to retain the setting after a reboot. Redis must be restarted after THP is disabled.
1157:M 30 Mar 16:15:34.872 * Ready to accept connections
1157:signal-handler (1617101152) Received SIGTERM scheduling shutdown...
1157:M 30 Mar 10:45:52.374 # User requested shutdown...
1157:M 30 Mar 10:45:52.374 * Removing the pid file.
1157:M 30 Mar 10:45:52.376 # Redis is now ready to exit, bye bye...
1784:C 30 Mar 10:45:54.385 # oO0OoO0OoO0Oo Redis is starting oO0OoO0OoO0Oo
1784:C 30 Mar 10:45:54.386 # Redis version=4.0.9, bits=64, commit=00000000, modified=0, pid=1784, just started
1784:C 30 Mar 10:45:54.386 # Configuration loaded
1784:M 30 Mar 10:45:54.432 # You requested maxclients of 10000 requiring at least 10032 max file descriptors.
1784:M 30 Mar 10:45:54.432 # Server can't set maximum open files to 10032 because of OS error: Operation not permitted.
1784:M 30 Mar 10:45:54.432 # Current maximum open files is 4096. maxclients has been reduced to 4064 to compensate for low ulimit. If you need higher maxclients increase 'ulimit -n'.
1784:M 30 Mar 10:45:54.433 * Running mode=standalone, port=12000.
1784:M 30 Mar 10:45:54.433 # WARNING: The TCP backlog setting of 511 cannot be enforced because /proc/sys/net/core/somaxconn is set to the lower value of 128.
1784:M 30 Mar 10:45:54.433 # Server initialized
1784:M 30 Mar 10:45:54.433 # WARNING overcommit_memory is set to 0! Background save may fail under low memory condition. To fix this issue add 'vm.overcommit_memory = 1' to /etc/sysctl.conf and then reboot or run the command 'sysctl vm.overcommit_memory=1' for this to take effect.
1784:M 30 Mar 10:45:54.433 # WARNING you have Transparent Huge Pages (THP) support enabled in your kernel. This will create latency and memory usage issues with Redis. To fix this issue run the command 'echo never > /sys/kernel/mm/transparent_hugepage/enabled' as root, and add it to your /etc/rc.local in order to retain the setting after a reboot. Redis must be restarted after THP is disabled.
1784:M 30 Mar 10:45:54.433 * Ready to accept connections
1015:C 01 Apr 13:17:38.040 # oO0OoO0OoO0Oo Redis is starting oO0OoO0OoO0Oo
1015:C 01 Apr 13:17:38.040 # Redis version=4.0.9, bits=64, commit=00000000, modified=0, pid=1015, just started
1015:C 01 Apr 13:17:38.040 # Configuration loaded
1015:M 01 Apr 13:17:38.043 # You requested maxclients of 10000 requiring at least 10032 max file descriptors.
1015:M 01 Apr 13:17:38.043 # Server can't set maximum open files to 10032 because of OS error: Operation not permitted.
1015:M 01 Apr 13:17:38.043 # Current maximum open files is 4096. maxclients has been reduced to 4064 to compensate for low ulimit. If you need higher maxclients increase 'ulimit -n'.
1015:M 01 Apr 13:17:38.046 * Running mode=standalone, port=12000.
1015:M 01 Apr 13:17:38.046 # WARNING: The TCP backlog setting of 511 cannot be enforced because /proc/sys/net/core/somaxconn is set to the lower value of 128.
1015:M 01 Apr 13:17:38.046 # Server initialized
1015:M 01 Apr 13:17:38.046 # WARNING overcommit_memory is set to 0! Background save may fail under low memory condition. To fix this issue add 'vm.overcommit_memory = 1' to /etc/sysctl.conf and then reboot or run the command 'sysctl vm.overcommit_memory=1' for this to take effect.
1015:M 01 Apr 13:17:38.046 # WARNING you have Transparent Huge Pages (THP) support enabled in your kernel. This will create latency and memory usage issues with Redis. To fix this issue run the command 'echo never > /sys/kernel/mm/transparent_hugepage/enabled' as root, and add it to your /etc/rc.local in order to retain the setting after a reboot. Redis must be restarted after THP is disabled.
1015:M 01 Apr 13:17:38.047 * Ready to accept connections
1015:signal-handler (1617263278) Received SIGTERM scheduling shutdown...
1015:M 01 Apr 07:47:58.649 # User requested shutdown...
1015:M 01 Apr 07:47:58.649 * Removing the pid file.
1015:M 01 Apr 07:47:58.649 # Redis is now ready to exit, bye bye...
1808:C 01 Apr 07:48:00.639 # oO0OoO0OoO0Oo Redis is starting oO0OoO0OoO0Oo
1808:C 01 Apr 07:48:00.639 # Redis version=4.0.9, bits=64, commit=00000000, modified=0, pid=1808, just started
1808:C 01 Apr 07:48:00.640 # Configuration loaded
1808:M 01 Apr 07:48:00.643 # You requested maxclients of 10000 requiring at least 10032 max file descriptors.
1808:M 01 Apr 07:48:00.648 # Server can't set maximum open files to 10032 because of OS error: Operation not permitted.
1808:M 01 Apr 07:48:00.660 # Current maximum open files is 4096. maxclients has been reduced to 4064 to compensate for low ulimit. If you need higher maxclients increase 'ulimit -n'.
1808:M 01 Apr 07:48:00.662 * Running mode=standalone, port=12000.
1808:M 01 Apr 07:48:00.662 # WARNING: The TCP backlog setting of 511 cannot be enforced because /proc/sys/net/core/somaxconn is set to the lower value of 128.
1808:M 01 Apr 07:48:00.662 # Server initialized
1808:M 01 Apr 07:48:00.663 # WARNING overcommit_memory is set to 0! Background save may fail under low memory condition. To fix this issue add 'vm.overcommit_memory = 1' to /etc/sysctl.conf and then reboot or run the command 'sysctl vm.overcommit_memory=1' for this to take effect.
1808:M 01 Apr 07:48:00.663 # WARNING you have Transparent Huge Pages (THP) support enabled in your kernel. This will create latency and memory usage issues with Redis. To fix this issue run the command 'echo never > /sys/kernel/mm/transparent_hugepage/enabled' as root, and add it to your /etc/rc.local in order to retain the setting after a reboot. Redis must be restarted after THP is disabled.
1808:M 01 Apr 07:48:00.664 * Ready to accept connections
1053:C 02 Apr 10:42:32.691 # oO0OoO0OoO0Oo Redis is starting oO0OoO0OoO0Oo
1053:C 02 Apr 10:42:32.692 # Redis version=4.0.9, bits=64, commit=00000000, modified=0, pid=1053, just started
1053:C 02 Apr 10:42:32.692 # Configuration loaded
1053:M 02 Apr 10:42:32.722 # You requested maxclients of 10000 requiring at least 10032 max file descriptors.
1053:M 02 Apr 10:42:32.724 # Server can't set maximum open files to 10032 because of OS error: Operation not permitted.
1053:M 02 Apr 10:42:32.725 # Current maximum open files is 4096. maxclients has been reduced to 4064 to compensate for low ulimit. If you need higher maxclients increase 'ulimit -n'.
1053:M 02 Apr 10:42:32.728 * Running mode=standalone, port=12000.
1053:M 02 Apr 10:42:32.740 # WARNING: The TCP backlog setting of 511 cannot be enforced because /proc/sys/net/core/somaxconn is set to the lower value of 128.
1053:M 02 Apr 10:42:32.740 # Server initialized
1053:M 02 Apr 10:42:32.740 # WARNING overcommit_memory is set to 0! Background save may fail under low memory condition. To fix this issue add 'vm.overcommit_memory = 1' to /etc/sysctl.conf and then reboot or run the command 'sysctl vm.overcommit_memory=1' for this to take effect.
1053:M 02 Apr 10:42:32.740 # WARNING you have Transparent Huge Pages (THP) support enabled in your kernel. This will create latency and memory usage issues with Redis. To fix this issue run the command 'echo never > /sys/kernel/mm/transparent_hugepage/enabled' as root, and add it to your /etc/rc.local in order to retain the setting after a reboot. Redis must be restarted after THP is disabled.
1053:M 02 Apr 10:42:32.740 * Ready to accept connections
1053:signal-handler (1617340371) Received SIGTERM scheduling shutdown...
1053:M 02 Apr 05:12:51.874 # User requested shutdown...
1053:M 02 Apr 05:12:51.874 * Removing the pid file.
1053:M 02 Apr 05:12:51.877 # Redis is now ready to exit, bye bye...
1652:C 02 Apr 05:12:54.147 # oO0OoO0OoO0Oo Redis is starting oO0OoO0OoO0Oo
1652:C 02 Apr 05:12:54.148 # Redis version=4.0.9, bits=64, commit=00000000, modified=0, pid=1652, just started
1652:C 02 Apr 05:12:54.148 # Configuration loaded
1652:M 02 Apr 05:12:54.191 # You requested maxclients of 10000 requiring at least 10032 max file descriptors.
1652:M 02 Apr 05:12:54.191 # Server can't set maximum open files to 10032 because of OS error: Operation not permitted.
1652:M 02 Apr 05:12:54.191 # Current maximum open files is 4096. maxclients has been reduced to 4064 to compensate for low ulimit. If you need higher maxclients increase 'ulimit -n'.
1652:M 02 Apr 05:12:54.193 * Running mode=standalone, port=12000.
1652:M 02 Apr 05:12:54.193 # WARNING: The TCP backlog setting of 511 cannot be enforced because /proc/sys/net/core/somaxconn is set to the lower value of 128.
1652:M 02 Apr 05:12:54.193 # Server initialized
1652:M 02 Apr 05:12:54.193 # WARNING overcommit_memory is set to 0! Background save may fail under low memory condition. To fix this issue add 'vm.overcommit_memory = 1' to /etc/sysctl.conf and then reboot or run the command 'sysctl vm.overcommit_memory=1' for this to take effect.
1652:M 02 Apr 05:12:54.193 # WARNING you have Transparent Huge Pages (THP) support enabled in your kernel. This will create latency and memory usage issues with Redis. To fix this issue run the command 'echo never > /sys/kernel/mm/transparent_hugepage/enabled' as root, and add it to your /etc/rc.local in order to retain the setting after a reboot. Redis must be restarted after THP is disabled.
1652:M 02 Apr 05:12:54.193 * Ready to accept connections
1082:C 02 Apr 15:29:05.220 # oO0OoO0OoO0Oo Redis is starting oO0OoO0OoO0Oo
1082:C 02 Apr 15:29:05.220 # Redis version=4.0.9, bits=64, commit=00000000, modified=0, pid=1082, just started
1082:C 02 Apr 15:29:05.220 # Configuration loaded
1082:M 02 Apr 15:29:05.225 # You requested maxclients of 10000 requiring at least 10032 max file descriptors.
1082:M 02 Apr 15:29:05.225 # Server can't set maximum open files to 10032 because of OS error: Operation not permitted.
1082:M 02 Apr 15:29:05.225 # Current maximum open files is 4096. maxclients has been reduced to 4064 to compensate for low ulimit. If you need higher maxclients increase 'ulimit -n'.
1082:M 02 Apr 15:29:05.244 * Running mode=standalone, port=12000.
1082:M 02 Apr 15:29:05.244 # WARNING: The TCP backlog setting of 511 cannot be enforced because /proc/sys/net/core/somaxconn is set to the lower value of 128.
1082:M 02 Apr 15:29:05.244 # Server initialized
1082:M 02 Apr 15:29:05.244 # WARNING overcommit_memory is set to 0! Background save may fail under low memory condition. To fix this issue add 'vm.overcommit_memory = 1' to /etc/sysctl.conf and then reboot or run the command 'sysctl vm.overcommit_memory=1' for this to take effect.
1082:M 02 Apr 15:29:05.244 # WARNING you have Transparent Huge Pages (THP) support enabled in your kernel. This will create latency and memory usage issues with Redis. To fix this issue run the command 'echo never > /sys/kernel/mm/transparent_hugepage/enabled' as root, and add it to your /etc/rc.local in order to retain the setting after a reboot. Redis must be restarted after THP is disabled.
1082:M 02 Apr 15:29:05.244 * Ready to accept connections
1082:signal-handler (1617357565) Received SIGTERM scheduling shutdown...
1082:M 02 Apr 09:59:25.252 # User requested shutdown...
1082:M 02 Apr 09:59:25.252 * Removing the pid file.
1082:M 02 Apr 09:59:25.254 # Redis is now ready to exit, bye bye...
1592:C 02 Apr 09:59:27.476 # oO0OoO0OoO0Oo Redis is starting oO0OoO0OoO0Oo
1592:C 02 Apr 09:59:27.476 # Redis version=4.0.9, bits=64, commit=00000000, modified=0, pid=1592, just started
1592:C 02 Apr 09:59:27.476 # Configuration loaded
1592:M 02 Apr 09:59:27.509 # You requested maxclients of 10000 requiring at least 10032 max file descriptors.
1592:M 02 Apr 09:59:27.509 # Server can't set maximum open files to 10032 because of OS error: Operation not permitted.
1592:M 02 Apr 09:59:27.509 # Current maximum open files is 4096. maxclients has been reduced to 4064 to compensate for low ulimit. If you need higher maxclients increase 'ulimit -n'.
1592:M 02 Apr 09:59:27.510 * Running mode=standalone, port=12000.
1592:M 02 Apr 09:59:27.510 # WARNING: The TCP backlog setting of 511 cannot be enforced because /proc/sys/net/core/somaxconn is set to the lower value of 128.
1592:M 02 Apr 09:59:27.510 # Server initialized
1592:M 02 Apr 09:59:27.511 # WARNING overcommit_memory is set to 0! Background save may fail under low memory condition. To fix this issue add 'vm.overcommit_memory = 1' to /etc/sysctl.conf and then reboot or run the command 'sysctl vm.overcommit_memory=1' for this to take effect.
1592:M 02 Apr 09:59:27.511 # WARNING you have Transparent Huge Pages (THP) support enabled in your kernel. This will create latency and memory usage issues with Redis. To fix this issue run the command 'echo never > /sys/kernel/mm/transparent_hugepage/enabled' as root, and add it to your /etc/rc.local in order to retain the setting after a reboot. Redis must be restarted after THP is disabled.
1592:M 02 Apr 09:59:27.511 * Ready to accept connections
